TN:
SF:C:\Users\v_ohaowang\Desktop\ppt\unit-test\test\specs\test.spec.js
FN:1,(anonymous_1)
FN:6,__webpack_require__
FN:37,(anonymous_3)
FN:48,(anonymous_4)
FN:50,getDefault
FN:51,getModuleExports
FN:57,(anonymous_7)
FN:69,(anonymous_8)
FN:71,add
FN:75,(anonymous_10)
FN:76,(anonymous_11)
FNF:11
FNH:6
FNDA:1,(anonymous_1)
FNDA:1,__webpack_require__
FNDA:0,(anonymous_3)
FNDA:0,(anonymous_4)
FNDA:0,getDefault
FNDA:0,getModuleExports
FNDA:0,(anonymous_7)
FNDA:1,(anonymous_8)
FNDA:1,add
FNDA:1,(anonymous_10)
FNDA:1,(anonymous_11)
DA:1,1
DA:3,1
DA:6,1
DA:9,1
DA:10,0
DA:13,1
DA:20,1
DA:23,1
DA:26,1
DA:31,1
DA:34,1
DA:37,1
DA:38,0
DA:39,0
DA:48,1
DA:49,0
DA:50,0
DA:51,0
DA:52,0
DA:53,0
DA:57,1
DA:60,1
DA:63,1
DA:71,1
DA:72,1
DA:75,1
DA:76,1
DA:77,1
LF:28
LH:20
BRDA:9,1,0,0
BRDA:9,1,1,1
BRDA:38,2,0,0
BRDA:38,2,1,0
BRDA:49,3,0,0
BRDA:49,3,1,0
BRDA:49,4,0,0
BRDA:49,4,1,0
BRF:8
BRH:1
end_of_record
TN:
SF:C:\Users\v_ohaowang\Desktop\ppt\unit-test\test\specs\vue-route.spec.js
FN:1,(anonymous_1)
FN:6,__webpack_require__
FN:37,(anonymous_3)
FN:48,(anonymous_4)
FN:50,getDefault
FN:51,getModuleExports
FN:57,(anonymous_7)
FN:68,(anonymous_8)
FN:80,(anonymous_9)
FN:100,isArray
FN:110,isArrayBuffer
FN:120,isFormData
FN:130,isArrayBufferView
FN:146,isString
FN:156,isNumber
FN:166,isUndefined
FN:176,isObject
FN:186,isDate
FN:196,isFile
FN:206,isBlob
FN:216,isFunction
FN:226,isStream
FN:236,isURLSearchParams
FN:246,trim
FN:263,isStandardBrowserEnv
FN:285,forEach
FN:329,merge
FN:331,assignValue
FN:353,extend
FN:354,assignValue
FN:390,(anonymous_31)
FN:397,(anonymous_32)
FN:407,(anonymous_33)
FN:415,(anonymous_34)
FN:418,(anonymous_35)
FN:426,(anonymous_36)
FN:430,(anonymous_37)
FN:432,(anonymous_38)
FN:440,(anonymous_39)
FN:453,defaultSetTimout
FN:456,defaultClearTimeout
FN:459,(anonymous_42)
FN:479,runTimeout
FN:504,runClearTimeout
FN:536,cleanUpNextTick
FN:551,drainQueue
FN:575,(anonymous_47)
FN:589,Item
FN:593,(anonymous_49)
FN:603,noop
FN:615,(anonymous_51)
FN:617,(anonymous_52)
FN:621,(anonymous_53)
FN:622,(anonymous_54)
FN:625,(anonymous_55)
FN:630,(anonymous_56)
FN:639,(anonymous_57)
FN:662,(anonymous_58)
FN:663,(anonymous_59)
FN:698,(anonymous_60)
FN:700,(anonymous_61)
FN:707,(anonymous_62)
FN:710,(anonymous_63)
FN:711,(anonymous_64)
FN:717,(anonymous_65)
FN:724,(anonymous_66)
FN:732,normalizeComponent
FN:774,(anonymous_68)
FN:816,renderWithStyleInjection
FN:833,(anonymous_70)
FN:837,(anonymous_71)
FN:841,(anonymous_72)
FN:844,(anonymous_73)
FN:847,(anonymous_74)
FN:851,(anonymous_75)
FN:859,(anonymous_76)
FN:861,(anonymous_77)
FN:869,(anonymous_78)
FN:876,defineProperty
FN:891,(anonymous_80)
FN:894,(anonymous_81)
FN:901,(anonymous_82)
FN:905,(anonymous_83)
FN:912,(anonymous_84)
FN:916,(anonymous_85)
FN:927,isUndef
FN:931,isDef
FN:935,isTrue
FN:939,isFalse
FN:946,isPrimitive
FN:961,isObject
FN:970,toRawType
FN:978,isPlainObject
FN:982,isRegExp
FN:989,isValidArrayIndex
FN:997,toString
FN:1009,toNumber
FN:1018,makeMap
FN:1028,(anonymous_99)
FN:1029,(anonymous_100)
FN:1045,remove
FN:1058,hasOwn
FN:1065,cached
FN:1067,cachedFn
FN:1077,(anonymous_105)
FN:1078,(anonymous_106)
FN:1084,(anonymous_107)
FN:1092,(anonymous_108)
FN:1105,polyfillBind
FN:1106,boundFn
FN:1119,nativeBind
FN:1130,toArray
FN:1143,extend
FN:1153,toObject
FN:1168,noop
FN:1173,(anonymous_116)
FN:1178,(anonymous_117)
FN:1183,genStaticKeys
FN:1184,(anonymous_119)
FN:1193,looseEqual
FN:1202,(anonymous_121)
FN:1208,(anonymous_122)
FN:1226,looseIndexOf
FN:1236,once
FN:1238,(anonymous_125)
FN:1363,isReserved
FN:1371,def
FN:1384,parsePath
FN:1389,(anonymous_129)
FN:1423,get
FN:1435,(anonymous_131)
FN:1453,isNative
FN:1468,(anonymous_133)
FN:1469,Set
FN:1472,has
FN:1475,add
FN:1478,clear
FN:1496,(anonymous_138)
FN:1497,(anonymous_139)
FN:1500,(anonymous_140)
FN:1510,(anonymous_141)
FN:1518,(anonymous_142)
FN:1540,(anonymous_143)
FN:1550,(anonymous_144)
FN:1570,(anonymous_145)
FN:1589,Dep
FN:1594,addSub
FN:1598,removeSub
FN:1602,depend
FN:1608,notify
FN:1622,pushTarget
FN:1627,popTarget
FN:1633,VNode
FN:1672,(anonymous_154)
FN:1678,(anonymous_155)
FN:1687,createTextVNode
FN:1695,cloneVNode
FN:1738,(anonymous_158)
FN:1741,mutator
FN:1774,toggleObserving
FN:1784,Observer
FN:1805,walk
FN:1815,observeArray
FN:1827,protoAugment
FN:1838,copyAugment
FN:1850,observe
FN:1875,defineReactive
FN:1900,reactiveGetter
FN:1913,reactiveSetter
FN:1939,set
FN:1974,del
FN:2006,dependArray
FN:2029,(anonymous_173)
FN:2043,mergeData
FN:2063,mergeDataOrFn
FN:2081,mergedDataFn
FN:2088,mergedInstanceDataFn
FN:2105,(anonymous_178)
FN:2130,mergeHook
FN:2143,(anonymous_180)
FN:2154,mergeAssets
FN:2169,(anonymous_182)
FN:2179,(anonymous_183)
FN:2215,(anonymous_184)
FN:2235,(anonymous_185)
FN:2244,checkComponents
FN:2250,validateComponentName
FN:2270,normalizeProps
FN:2307,normalizeInject
FN:2334,normalizeDirectives
FN:2346,assertObjectType
FN:2360,mergeOptions
FN:2395,mergeField
FN:2407,resolveAsset
FN:2437,validateProp
FN:2483,getPropDefaultValue
FN:2516,assertProp
FN:2568,assertType
FN:2596,getType
FN:2601,isSameType
FN:2605,getTypeIndex
FN:2619,handleError
FN:2639,globalHandleError
FN:2650,logError
FN:2668,flushCallbacks
FN:2695,(anonymous_206)
FN:2706,(anonymous_207)
FN:2711,(anonymous_208)
FN:2720,(anonymous_209)
FN:2738,withMacroTask
FN:2739,(anonymous_211)
FN:2747,nextTick
FN:2749,(anonymous_213)
FN:2770,(anonymous_214)
FN:2791,(anonymous_215)
FN:2792,(anonymous_216)
FN:2813,(anonymous_217)
FN:2830,set
FN:2843,has
FN:2854,get
FN:2862,initProxy
FN:2885,traverse
FN:2890,_traverse
FN:2915,(anonymous_224)
FN:2930,createFnInvoker
FN:2931,invoker
FN:2949,updateListeners
FN:2987,mergeVNodeHook
FN:2994,wrappedHook
FN:3022,extractPropsFromVNodeData
FN:3063,checkProp
FN:3102,simpleNormalizeChildren
FN:3115,normalizeChildren
FN:3123,isTextNode
FN:3127,normalizeArrayChildren
FN:3177,ensureCtor
FN:3189,createAsyncPlaceholder
FN:3202,resolveAsyncComponent
FN:3226,(anonymous_239)
FN:3232,(anonymous_240)
FN:3242,(anonymous_241)
FN:3273,(anonymous_242)
FN:3283,(anonymous_243)
FN:3306,isAsyncPlaceholder
FN:3312,getFirstComponentChild
FN:3327,initEvents
FN:3339,add
FN:3347,remove$1
FN:3351,updateComponentListeners
FN:3361,eventsMixin
FN:3363,(anonymous_251)
FN:3382,(anonymous_252)
FN:3384,on
FN:3393,(anonymous_254)
FN:3433,(anonymous_255)
FN:3470,resolveSlots
FN:3510,isWhitespace
FN:3514,resolveScopedSlots
FN:3534,initLifecycle
FN:3560,lifecycleMixin
FN:3561,(anonymous_261)
FN:3603,(anonymous_262)
FN:3610,(anonymous_263)
FN:3654,mountComponent
FN:3685,(anonymous_265)
FN:3702,(anonymous_266)
FN:3722,updateChildComponent
FN:3788,isInInactiveTree
FN:3795,activateChildComponent
FN:3813,deactivateChildComponent
FN:3829,callHook
FN:3864,resetSchedulerState
FN:3876,flushSchedulerQueue
FN:3888,(anonymous_274)
FN:3931,callUpdatedHooks
FN:3946,queueActivatedComponent
FN:3953,callActivatedHooks
FN:3965,queueWatcher
FN:3997,Watcher
FN:4035,(anonymous_280)
FN:4052,get
FN:4079,addDep
FN:4093,cleanupDeps
FN:4117,update
FN:4132,run
FN:4163,evaluate
FN:4171,depend
FN:4183,teardown
FN:4210,proxy
FN:4211,proxyGetter
FN:4214,proxySetter
FN:4220,initState
FN:4236,initProps
FN:4247,(anonymous_294)
FN:4260,(anonymous_295)
FN:4286,initData
FN:4328,getData
FN:4343,initComputed
FN:4384,defineComputed
FN:4407,(anonymous_300)
FN:4417,createComputedGetter
FN:4418,computedGetter
FN:4432,initMethods
FN:4460,initWatch
FN:4473,createWatcher
FN:4489,stateMixin
FN:4494,(anonymous_307)
FN:4496,(anonymous_308)
FN:4498,(anonymous_309)
FN:4505,(anonymous_310)
FN:4515,(anonymous_311)
FN:4530,unwatchFn
FN:4538,initProvide
FN:4547,initInjections
FN:4551,(anonymous_315)
FN:4554,(anonymous_316)
FN:4570,resolveInject
FN:4575,(anonymous_318)
FN:4612,renderList
FN:4646,renderSlot
FN:4695,resolveFilter
FN:4701,isKeyNotMatch
FN:4714,checkKeyCodes
FN:4736,bindObjectProps
FN:4754,(anonymous_325)
FN:4772,(anonymous_326)
FN:4790,renderStatic
FN:4815,markOnce
FN:4824,markStatic
FN:4840,markStaticNode
FN:4848,bindObjectListeners
FN:4869,installRenderHelpers
FN:4889,FunctionalRenderContext
FN:4921,(anonymous_334)
FN:4933,(anonymous_335)
FN:4942,(anonymous_336)
FN:4948,createFunctionalComponent
FN:4989,cloneAndMarkFunctionalResult
FN:5002,mergeProps
FN:5031,init
FN:5056,prepatch
FN:5068,insert
FN:5089,destroy
FN:5103,createComponent
FN:5206,createComponentInstanceForVnode
FN:5228,installComponentHooks
FN:5238,transformModel
FN:5256,createElement
FN:5275,_createElement
FN:5360,applyNS
FN:5381,registerDeepBindings
FN:5392,initRender
FN:5404,(anonymous_353)
FN:5407,(anonymous_354)
FN:5415,(anonymous_355)
FN:5418,(anonymous_356)
FN:5427,renderMixin
FN:5431,(anonymous_358)
FN:5435,(anonymous_359)
FN:5501,initMixin
FN:5502,(anonymous_361)
FN:5560,initInternalComponent
FN:5581,resolveConstructorOptions
FN:5605,resolveModifiedOptions
FN:5619,dedupe
FN:5638,Vue
FN:5655,initUse
FN:5656,(anonymous_368)
FN:5677,initMixin$1
FN:5678,(anonymous_370)
FN:5686,initExtend
FN:5698,(anonymous_372)
FN:5712,VueComponent
FN:5741,(anonymous_374)
FN:5762,initProps$1
FN:5769,initComputed$1
FN:5778,initAssetRegisters
FN:5782,(anonymous_378)
FN:5783,(anonymous_379)
FN:5810,getComponentName
FN:5814,matches
FN:5826,pruneCache
FN:5841,pruneCacheEntry
FN:5867,created
FN:5872,destroyed
FN:5880,mounted
FN:5883,(anonymous_387)
FN:5884,(anonymous_388)
FN:5886,(anonymous_389)
FN:5887,(anonymous_390)
FN:5891,render
FN:5944,initGlobalAPI
FN:5947,(anonymous_393)
FN:5949,(anonymous_394)
FN:5972,(anonymous_395)
FN:5995,get
FN:6016,(anonymous_397)
FN:6038,(anonymous_398)
FN:6042,(anonymous_399)
FN:6046,(anonymous_400)
FN:6052,genClassForVnode
FN:6070,mergeClassData
FN:6079,renderClass
FN:6090,concat
FN:6094,stringifyClass
FN:6108,stringifyArray
FN:6120,stringifyObject
FN:6161,(anonymous_408)
FN:6163,(anonymous_409)
FN:6167,getTagNamespace
FN:6179,isUnknownElement
FN:6211,query
FN:6228,createElement$1
FN:6240,createElementNS
FN:6244,createTextNode
FN:6248,createComment
FN:6252,insertBefore
FN:6256,removeChild
FN:6260,appendChild
FN:6264,parentNode
FN:6268,nextSibling
FN:6272,tagName
FN:6276,setTextContent
FN:6280,setStyleScope
FN:6303,create
FN:6306,update
FN:6312,destroy
FN:6317,registerRef
FN:6360,sameVnode
FN:6377,sameInputType
FN:6385,createKeyToOldIdx
FN:6395,createPatchFunction
FN:6411,emptyNodeAt
FN:6415,createRmCb
FN:6416,remove
FN:6425,removeNode
FN:6433,isUnknownElement$$1
FN:6439,(anonymous_438)
FN:6451,createElm
FN:6518,createComponent
FN:6539,initComponent
FN:6557,reactivateComponent
FN:6579,insert
FN:6591,createChildren
FN:6604,isPatchable
FN:6611,invokeCreateHooks
FN:6625,setScope
FN:6648,addVnodes
FN:6654,invokeDestroyHook
FN:6668,removeVnodes
FN:6682,removeAndInvokeRemoveHook
FN:6711,updateChildren
FN:6783,checkDuplicateKeys
FN:6801,findIdxInOld
FN:6808,patchVnode
FN:6868,invokeInsertHook
FN:6888,hydrate
FN:6983,assertNodeMatch
FN:6994,patch
FN:7104,unbindDirectives
FN:7109,updateDirectives
FN:7115,_update
FN:7145,(anonymous_463)
FN:7158,(anonymous_464)
FN:7177,normalizeDirectives$1
FN:7200,getRawDirName
FN:7204,callHook$1
FN:7222,updateAttrs
FN:7263,setAttr
FN:7292,baseSetAttr
FN:7305,(anonymous_471)
FN:7324,updateClass
FN:7364,parseFilters
FN:7432,pushFilter
FN:7446,wrapFilter
FN:7460,baseWarn
FN:7464,pluckModuleFunction
FN:7469,(anonymous_478)
FN:7469,(anonymous_479)
FN:7473,addProp
FN:7478,addAttr
FN:7484,addRawAttr
FN:7489,addDirective
FN:7501,addHandler
FN:7577,getBindingAttr
FN:7599,getAndRemoveAttr
FN:7625,genComponentModel
FN:7657,genAssignmentCode
FN:7693,parseModel
FN:7733,next
FN:7737,eof
FN:7741,isStringStart
FN:7745,parseBracket
FN:7763,parseString
FN:7782,model
FN:7833,genCheckboxModel
FN:7864,genRadioModel
FN:7876,genSelect
FN:7893,genDefaultModel
FN:7951,normalizeEvents
FN:7970,createOnceHandler
FN:7972,onceHandler
FN:7980,add$1
FN:7998,remove$2
FN:8011,updateDOMListeners
FN:8030,updateDOMProps
FN:8081,shouldUpdateValue
FN:8089,isNotInFocusAndDirty
FN:8099,isDirtyWithModifiers
FN:8124,(anonymous_510)
FN:8128,(anonymous_511)
FN:8138,normalizeStyleData
FN:8148,normalizeStyleBinding
FN:8162,getStyle
FN:8196,(anonymous_515)
FN:8220,(anonymous_516)
FN:8235,updateStyle
FN:8289,addClass
FN:8298,(anonymous_519)
FN:8314,removeClass
FN:8323,(anonymous_521)
FN:8347,resolveTransition
FN:8364,(anonymous_523)
FN:8405,(anonymous_524)
FN:8407,nextFrame
FN:8408,(anonymous_526)
FN:8413,addTransitionClass
FN:8421,removeTransitionClass
FN:8428,whenTransitionEnds
FN:8440,(anonymous_530)
FN:8444,(anonymous_531)
FN:8451,(anonymous_532)
FN:8461,getTransitionInfo
FN:8510,getTimeout
FN:8516,(anonymous_535)
FN:8521,toMs
FN:8527,enter
FN:8617,(anonymous_538)
FN:8635,(anonymous_539)
FN:8653,(anonymous_540)
FN:8678,leave
FN:8722,(anonymous_542)
FN:8748,performLeave
FN:8761,(anonymous_544)
FN:8783,checkDuration
FN:8799,isValidDuration
FN:8809,getHookArgumentsLength
FN:8826,_enter
FN:8835,remove$$1
FN:8870,(anonymous_550)
FN:8879,inserted
FN:8883,(anonymous_552)
FN:8908,componentUpdated
FN:8917,(anonymous_554)
FN:8921,(anonymous_555)
FN:8931,setSelected
FN:8935,(anonymous_557)
FN:8941,actuallySetSelected
FN:8974,hasNoMatchingOption
FN:8975,(anonymous_560)
FN:8978,getValue
FN:8984,onCompositionStart
FN:8988,onCompositionEnd
FN:8995,trigger
FN:9004,locateNode
FN:9011,bind
FN:9020,(anonymous_567)
FN:9028,update
FN:9039,(anonymous_569)
FN:9043,(anonymous_570)
FN:9052,unbind
FN:9095,getRealChild
FN:9104,extractTransitionData
FN:9120,placeholder
FN:9128,hasParentTransition
FN:9136,isSameChild
FN:9145,render
FN:9154,(anonymous_578)
FN:9219,(anonymous_579)
FN:9238,(anonymous_580)
FN:9248,(anonymous_581)
FN:9251,(anonymous_582)
FN:9282,render
FN:9325,beforeUpdate
FN:9336,updated
FN:9354,(anonymous_586)
FN:9360,cb
FN:9372,hasMove
FN:9388,(anonymous_589)
FN:9400,callPendingCbs
FN:9411,recordPosition
FN:9415,applyTranslation
FN:9450,(anonymous_593)
FN:9461,(anonymous_594)
FN:9495,(anonymous_595)
FN:9503,parseText
FN:9540,transformNode
FN:9563,genData
FN:9582,transformNode$1
FN:9607,genData$1
FN:9629,decode
FN:9685,(anonymous_602)
FN:9706,(anonymous_603)
FN:9708,decodeAttr
FN:9710,(anonymous_605)
FN:9713,parseHTML
FN:9807,(anonymous_607)
FN:9839,advance
FN:9844,parseStartTag
FN:9867,handleStartTag
FN:9912,parseEndTag
FN:9993,createASTElement
FN:10011,parse
FN:10035,warnOnce
FN:10042,closeElement
FN:10064,start
FN:10114,checkRootConstraints
FN:10170,end
FN:10183,chars
FN:10228,comment
FN:10239,processPre
FN:10245,processRawAttrs
FN:10261,processElement
FN:10277,processKey
FN:10287,processRef
FN:10295,processFor
FN:10311,parseFor
FN:10330,processIf
FN:10349,processIfConditions
FN:10364,findPrevElement
FN:10381,addIfCondition
FN:10388,processOnce
FN:10395,processSlot
FN:10444,processComponent
FN:10454,processAttrs
FN:10537,checkInFor
FN:10548,parseModifiers
FN:10552,(anonymous_638)
FN:10557,makeAttrsMap
FN:10572,isTextTag
FN:10576,isForbiddenTag
FN:10590,guardIESVGBug
FN:10602,checkForAliasModel
FN:10630,preTransformNode
FN:10692,cloneASTElement
FN:10708,text
FN:10716,html
FN:10761,optimize
FN:10771,genStaticKeys$1
FN:10778,markStatic$1
FN:10810,markStaticRoots
FN:10840,isStatic
FN:10857,isDirectChildOfTemplateFor
FN:10905,(anonymous_654)
FN:10920,genHandlers
FN:10932,genHandler
FN:10941,(anonymous_657)
FN:10968,(anonymous_658)
FN:10969,(anonymous_659)
FN:10993,genKeyFilter
FN:10997,genFilterCode
FN:11016,on
FN:11020,(anonymous_663)
FN:11025,bind$1
FN:11026,(anonymous_665)
FN:11041,CodegenState
FN:11048,(anonymous_667)
FN:11055,generate
FN:11067,genElement
FN:11100,genStatic
FN:11107,genOnce
FN:11133,genIf
FN:11143,genIfConditions
FN:11161,genTernaryExp
FN:11170,genFor
FN:11202,genData$2
FN:11280,genDirectives
FN:11305,genInlineTemplate
FN:11314,(anonymous_679)
FN:11318,genScopedSlots
FN:11322,(anonymous_681)
FN:11327,genScopedSlot
FN:11344,genForScopedSlot
FN:11360,genChildren
FN:11382,(anonymous_685)
FN:11390,getNormalizationType
FN:11401,(anonymous_687)
FN:11406,(anonymous_688)
FN:11413,needsNormalization
FN:11417,genNode
FN:11427,genText
FN:11433,genComment
FN:11437,genSlot
FN:11441,(anonymous_694)
FN:11456,genComponent
FN:11465,genProps
FN:11478,transformSpecialNewlines
FN:11503,detectErrors
FN:11511,checkNode
FN:11537,checkEvent
FN:11549,checkFor
FN:11556,checkIdentifier
FN:11571,checkExpression
FN:11593,createFunction
FN:11602,createCompileToFunctionFn
FN:11605,compileToFunctions
FN:11648,(anonymous_707)
FN:11653,(anonymous_708)
FN:11661,(anonymous_709)
FN:11673,(anonymous_710)
FN:11690,createCompilerCreator
FN:11691,createCompiler
FN:11692,compile
FN:11699,(anonymous_714)
FN:11745,baseCompile
FN:11770,getShouldDecode
FN:11783,(anonymous_717)
FN:11789,(anonymous_718)
FN:11861,getOuterHTML
FN:11879,(anonymous_720)
FN:11881,(anonymous_721)
FN:11892,(anonymous_722)
FN:11898,(anonymous_723)
FN:11905,(anonymous_724)
FN:11910,(anonymous_725)
FN:11917,(anonymous_726)
FN:11920,(anonymous_727)
FN:11928,(anonymous_728)
FN:11933,(anonymous_729)
FN:11940,(anonymous_730)
FN:11944,(anonymous_731)
FN:11951,(anonymous_732)
FN:11958,(anonymous_733)
FN:11964,(anonymous_734)
FN:11971,(anonymous_735)
FN:11978,PromiseCapability
FN:11980,(anonymous_737)
FN:11989,(anonymous_738)
FN:11996,(anonymous_739)
FN:11999,(anonymous_740)
FN:12008,setContentTypeIfUnset
FN:12014,getDefaultAdapter
FN:12029,transformRequest
FN:12054,transformResponse
FN:12075,validateStatus
FN:12086,forEachMethodNoData
FN:12090,forEachMethodWithData
FN:12102,(anonymous_748)
FN:12116,data
FN:12123,getUserInfo
FN:12124,(anonymous_751)
FN:12129,created
FN:12138,(anonymous_753)
FN:12140,(anonymous_754)
FN:12152,(anonymous_755)
FN:12158,keys
FN:12165,(anonymous_757)
FN:12170,(anonymous_758)
FN:12177,(anonymous_759)
FN:12182,(anonymous_760)
FN:12189,(anonymous_761)
FN:12196,(anonymous_762)
FN:12207,(anonymous_763)
FN:12211,(anonymous_764)
FN:12218,(anonymous_765)
FN:12228,(anonymous_766)
FN:12232,(anonymous_767)
FN:12240,(anonymous_768)
FN:12258,(anonymous_769)
FN:12260,(anonymous_770)
FN:12262,(anonymous_771)
FN:12265,keys
FN:12266,values
FN:12267,entries
FN:12291,values
FN:12316,(anonymous_776)
FN:12324,(anonymous_777)
FN:12330,(anonymous_778)
FN:12333,(anonymous_779)
FN:12339,(anonymous_780)
FN:12353,(anonymous_781)
FN:12359,(anonymous_782)
FN:12368,(anonymous_783)
FN:12384,(anonymous_784)
FN:12393,(anonymous_785)
FN:12398,setImmediate
FN:12402,(anonymous_787)
FN:12409,clearImmediate
FN:12414,(anonymous_789)
FN:12419,(anonymous_790)
FN:12431,(anonymous_791)
FN:12437,(anonymous_792)
FN:12438,(anonymous_793)
FN:12445,(anonymous_794)
FN:12458,(anonymous_795)
FN:12460,(anonymous_796)
FN:12471,(anonymous_797)
FN:12477,(anonymous_798)
FN:12489,(anonymous_799)
FN:12494,bind
FN:12495,wrap
FN:12507,(anonymous_802)
FN:12510,(anonymous_803)
FN:12520,xhrAdapter
FN:12521,dispatchXhrRequest
FN:12543,handleProgress
FN:12544,handleTimeout
FN:12560,handleLoad
FN:12593,handleError
FN:12603,handleTimeout
FN:12629,setRequestHeader
FN:12670,onCanceled
FN:12695,(anonymous_813)
FN:12712,createError
FN:12720,(anonymous_815)
FN:12725,isCancel
FN:12732,(anonymous_817)
FN:12743,Cancel
FN:12747,toString
FN:12759,(anonymous_820)
FN:12764,(anonymous_821)
FN:12798,(anonymous_822)
FN:12830,(anonymous_823)
FN:12840,(anonymous_824)
FN:12850,(anonymous_825)
FN:12853,(anonymous_826)
FN:12891,(anonymous_827)
FN:12893,(anonymous_828)
FN:12894,(anonymous_829)
FN:12900,(anonymous_830)
FN:12906,(anonymous_831)
FN:12919,(anonymous_832)
FN:12926,(anonymous_833)
FN:12942,(anonymous_834)
FN:12949,(anonymous_835)
FN:12950,(anonymous_836)
FN:12971,(anonymous_837)
FN:12976,(anonymous_838)
FN:12988,(anonymous_839)
FN:13010,(anonymous_840)
FN:13014,get
FN:13022,active
FN:13029,(anonymous_843)
FN:13031,(anonymous_844)
FN:13044,(anonymous_845)
FN:13046,(anonymous_846)
FN:13054,(anonymous_847)
FN:13060,(anonymous_848)
FN:13073,(anonymous_849)
FN:13079,(anonymous_850)
FN:13086,(anonymous_851)
FN:13090,(anonymous_852)
FN:13103,(anonymous_853)
FN:13109,(anonymous_854)
FN:13110,(anonymous_855)
FN:13126,(anonymous_856)
FN:13133,(anonymous_857)
FN:13143,(anonymous_858)
FN:13145,(anonymous_859)
FN:13153,(anonymous_860)
FN:13160,(anonymous_861)
FN:13164,(anonymous_862)
FN:13185,create
FN:13200,(anonymous_864)
FN:13206,defineProperties
FN:13219,(anonymous_866)
FN:13227,(anonymous_867)
FN:13238,(anonymous_868)
FN:13263,(anonymous_869)
FN:13276,(anonymous_870)
FN:13281,(anonymous_871)
FN:13304,(anonymous_872)
FN:13306,(anonymous_873)
FN:13311,(anonymous_874)
FN:13313,(anonymous_875)
FN:13320,(anonymous_876)
FN:13347,(anonymous_877)
FN:13351,(anonymous_878)
FN:13355,(anonymous_879)
FN:13370,(anonymous_880)
FN:13374,(anonymous_881)
FN:13378,(anonymous_882)
FN:13382,(anonymous_883)
FN:13420,(anonymous_884)
FN:13421,(anonymous_885)
FN:13426,(anonymous_886)
FN:13441,(anonymous_887)
FN:13444,(anonymous_888)
FN:13445,(anonymous_889)
FN:13454,(anonymous_890)
FN:13464,(anonymous_891)
FN:13473,(anonymous_892)
FN:13494,Promise
FN:13505,Promise
FN:13516,then
FN:13527,(anonymous_896)
FN:13531,(anonymous_897)
FN:13537,(anonymous_898)
FN:13552,reject
FN:13561,resolve
FN:13565,(anonymous_901)
FN:13569,all
FN:13574,(anonymous_903)
FN:13578,(anonymous_904)
FN:13583,(anonymous_905)
FN:13596,race
FN:13600,(anonymous_907)
FN:13601,(anonymous_908)
FN:13613,(anonymous_909)
FN:13615,(anonymous_910)
FN:13624,(anonymous_911)
FN:13634,(anonymous_912)
FN:13635,(anonymous_913)
FN:13655,(anonymous_914)
FN:13659,(anonymous_915)
FN:13673,(anonymous_916)
FN:13680,(anonymous_917)
FN:13687,(anonymous_918)
FN:13692,(anonymous_919)
FN:13701,(anonymous_920)
FN:13704,(anonymous_921)
FN:13723,(anonymous_922)
FN:13732,(anonymous_923)
FN:13735,(anonymous_924)
FN:13754,(anonymous_925)
FN:13762,(anonymous_926)
FN:13769,(anonymous_927)
FN:13779,(anonymous_928)
FN:13785,(anonymous_929)
FN:13798,(anonymous_930)
FN:13808,(anonymous_931)
FN:13811,(anonymous_932)
FN:13821,(anonymous_933)
FN:13831,(anonymous_934)
FN:13835,(anonymous_935)
FN:13842,(anonymous_936)
FN:13849,(anonymous_937)
FN:13851,(anonymous_938)
FN:13854,(anonymous_939)
FN:13860,(anonymous_940)
FN:13861,(anonymous_941)
FN:13870,(anonymous_942)
FN:13881,(anonymous_943)
FN:13885,(anonymous_944)
FN:13886,(anonymous_945)
FN:13888,(anonymous_946)
FN:13889,(anonymous_947)
FN:13897,(anonymous_948)
FN:13906,(anonymous_949)
FN:13916,(anonymous_950)
FN:13922,(anonymous_951)
FN:13938,createInstance
FN:13958,create
FN:13968,all
FN:13981,(anonymous_955)
FN:13992,(anonymous_956)
FN:13996,isBuffer
FN:14001,isSlowBuffer
FN:14008,(anonymous_959)
FN:14023,Axios
FN:14036,request
FN:14052,unshiftRequestInterceptors
FN:14056,pushResponseInterceptors
FN:14068,forEachMethodNoData
FN:14070,(anonymous_965)
FN:14078,forEachMethodWithData
FN:14080,(anonymous_967)
FN:14094,(anonymous_968)
FN:14101,normalizeHeaderName
FN:14102,processHeader
FN:14113,(anonymous_971)
FN:14127,settle
FN:14146,(anonymous_973)
FN:14161,enhanceError
FN:14174,(anonymous_975)
FN:14181,encode
FN:14199,buildURL
FN:14213,serialize
FN:14224,parseValue
FN:14247,(anonymous_980)
FN:14276,parseHeaders
FN:14284,parser
FN:14307,(anonymous_983)
FN:14319,standardBrowserEnv
FN:14330,resolveURL
FN:14364,isURLSameOrigin
FN:14372,nonStandardBrowserEnv
FN:14373,isURLSameOrigin
FN:14382,(anonymous_989)
FN:14391,E
FN:14398,btoa
FN:14425,(anonymous_992)
FN:14436,standardBrowserEnv
FN:14438,write
FN:14461,read
FN:14466,remove
FN:14473,nonStandardBrowserEnv
FN:14475,write
FN:14476,read
FN:14477,remove
FN:14485,(anonymous_1001)
FN:14492,InterceptorManager
FN:14504,use
FN:14517,eject
FN:14531,forEach
FN:14532,forEachHandler
FN:14544,(anonymous_1007)
FN:14559,throwIfCancellationRequested
FN:14571,dispatchRequest
FN:14598,cleanHeaderConfig
FN:14605,onAdapterResolution
FN:14616,onAdapterRejection
FN:14637,(anonymous_1013)
FN:14652,transformData
FN:14654,transform
FN:14664,(anonymous_1016)
FN:14675,isAbsoluteURL
FN:14685,(anonymous_1018)
FN:14697,combineURLs
FN:14706,(anonymous_1020)
FN:14719,CancelToken
FN:14725,promiseExecutor
FN:14730,cancel
FN:14744,throwIfRequested
FN:14754,source
FN:14756,executor
FN:14770,(anonymous_1027)
FN:14795,spread
FN:14796,wrap
FN:14804,(anonymous_1030)
FN:14824,(anonymous_1031)
FN:14826,webpackUniversalModuleDefinition
FN:14835,(anonymous_1033)
FN:14836,(anonymous_1034)
FN:14841,__webpack_require__
FN:14880,(anonymous_1036)
FN:14907,(anonymous_1037)
FN:14928,(anonymous_1038)
FN:14952,(anonymous_1039)
FN:15009,(anonymous_1040)
FN:15058,(anonymous_1041)
FN:15152,(anonymous_1042)
FN:15224,(anonymous_1043)
FN:15248,(anonymous_1044)
FN:15255,(anonymous_1045)
FN:15309,(anonymous_1046)
FN:15313,(anonymous_1047)
FN:15336,(anonymous_1048)
FN:15342,(anonymous_1049)
FN:15423,(anonymous_1050)
FN:15470,(anonymous_1051)
FN:15485,(anonymous_1052)
FN:15497,(anonymous_1053)
FN:15535,(anonymous_1054)
FN:15542,extend
FN:15578,each
FN:15595,type
FN:15599,(anonymous_1058)
FN:15600,(anonymous_1059)
FN:15605,(anonymous_1060)
FN:15609,(anonymous_1061)
FN:15613,(anonymous_1062)
FN:15620,(anonymous_1063)
FN:15650,heredoc
FN:15660,(anonymous_1065)
FN:15666,(anonymous_1066)
FN:15697,(anonymous_1067)
FN:15742,(anonymous_1068)
FN:15771,(anonymous_1069)
FN:15778,(anonymous_1070)
FN:15787,(anonymous_1071)
FN:15791,(anonymous_1072)
FN:15797,(anonymous_1073)
FN:15802,(anonymous_1074)
FN:15806,(anonymous_1075)
FN:15821,(anonymous_1076)
FN:15834,(anonymous_1077)
FN:15838,(anonymous_1078)
FN:15870,(anonymous_1079)
FN:15874,(anonymous_1080)
FN:15902,(anonymous_1081)
FN:15909,(anonymous_1082)
FN:15914,(anonymous_1083)
FN:15918,(anonymous_1084)
FN:15922,(anonymous_1085)
FN:15928,(anonymous_1086)
FN:15933,(anonymous_1087)
FN:15937,(anonymous_1088)
FN:15941,(anonymous_1089)
FN:15947,(anonymous_1090)
FN:15953,(anonymous_1091)
FN:15959,(anonymous_1092)
FN:15962,(anonymous_1093)
FN:15971,(anonymous_1094)
FN:15977,(anonymous_1095)
FN:15978,creatNewSubString
FN:15985,(anonymous_1097)
FN:15991,(anonymous_1098)
FN:15996,(anonymous_1099)
FN:16001,(anonymous_1100)
FN:16006,(anonymous_1101)
FN:16048,(anonymous_1102)
FN:16050,(anonymous_1103)
FN:16079,(anonymous_1104)
FN:16103,(anonymous_1105)
FN:16269,(anonymous_1106)
FN:16286,(anonymous_1107)
FN:16336,(anonymous_1108)
FN:16338,(anonymous_1109)
FN:16340,(anonymous_1110)
FN:16352,(anonymous_1111)
FN:16433,(anonymous_1112)
FN:16438,(anonymous_1113)
FN:16445,(anonymous_1114)
FN:16454,(anonymous_1115)
FN:16464,(anonymous_1116)
FN:16475,(anonymous_1117)
FN:16494,(anonymous_1118)
FN:16504,rgb2hsl
FN:16538,rgb2hsv
FN:16570,hsl2rgb
FN:16607,hsl2hsv
FN:16618,hsv2rgb
FN:16646,hsv2hsl
FN:16659,(anonymous_1125)
FN:16666,(anonymous_1126)
FN:16676,(anonymous_1127)
FN:16757,(anonymous_1128)
FN:16767,range
FN:16775,(anonymous_1130)
FN:16784,(anonymous_1131)
FN:16793,(anonymous_1132)
FN:16802,(anonymous_1133)
FN:16812,(anonymous_1134)
FN:16821,(anonymous_1135)
FN:16862,(anonymous_1136)
FN:16871,(anonymous_1137)
FN:16883,(anonymous_1138)
FN:16893,(anonymous_1139)
FN:16897,(anonymous_1140)
FN:16901,(anonymous_1141)
FN:16905,pick
FN:16948,shuffle
FN:16982,order
FN:17004,(anonymous_1145)
FN:17013,(anonymous_1146)
FN:17037,(anonymous_1147)
FN:17051,(anonymous_1148)
FN:17061,(anonymous_1149)
FN:17080,(anonymous_1150)
FN:17089,(anonymous_1151)
FN:17096,(anonymous_1152)
FN:17118,(anonymous_1153)
FN:17124,(anonymous_1154)
FN:17131,(anonymous_1155)
FN:17140,(anonymous_1156)
FN:17157,(anonymous_1157)
FN:17167,(anonymous_1158)
FN:17177,(anonymous_1159)
FN:17188,(anonymous_1160)
FN:17192,(anonymous_1161)
FN:17196,(anonymous_1162)
FN:17202,(anonymous_1163)
FN:17211,(anonymous_1164)
FN:17229,(anonymous_1165)
FN:21257,tree
FN:21283,(anonymous_1167)
FN:21302,(anonymous_1168)
FN:21310,(anonymous_1169)
FN:21313,(anonymous_1170)
FN:21316,(anonymous_1171)
FN:21319,(anonymous_1172)
FN:21322,(anonymous_1173)
FN:21325,(anonymous_1174)
FN:21354,(anonymous_1175)
FN:21363,(anonymous_1176)
FN:21373,(anonymous_1177)
FN:21399,(anonymous_1178)
FN:21401,(anonymous_1179)
FN:21405,(anonymous_1180)
FN:21412,(anonymous_1181)
FN:21423,(anonymous_1182)
FN:21428,parse
FN:21436,Token
FN:21440,Alternate
FN:21444,Match
FN:21448,Group
FN:21452,CaptureGroup
FN:21457,Quantified
FN:21461,Quantifier
FN:21465,CharSet
FN:21469,CharacterRange
FN:21473,Literal
FN:21477,Unicode
FN:21481,Hex
FN:21485,Octal
FN:21489,BackReference
FN:21493,ControlCharacter
FN:21497,(anonymous_1199)
FN:21498,n
FN:21499,u
FN:21504,l
FN:21505,e
FN:21506,u
FN:21507,l
FN:21510,(anonymous_1206)
FN:21512,(anonymous_1207)
FN:21514,(anonymous_1208)
FN:21516,(anonymous_1209)
FN:21538,u
FN:21539,u
FN:21542,t
FN:21545,r
FN:21546,u
FN:21558,e
FN:21561,o
FN:21565,c
FN:21573,i
FN:21584,a
FN:21588,f
FN:21593,s
FN:21598,h
FN:21603,d
FN:21609,p
FN:21614,v
FN:21623,w
FN:21630,A
FN:21637,C
FN:21642,g
FN:21647,b
FN:21652,k
FN:21657,T
FN:21665,x
FN:21673,y
FN:21678,m
FN:21684,R
FN:21690,F
FN:21696,Q
FN:21709,S
FN:21716,U
FN:21721,E
FN:21726,G
FN:21734,B
FN:21738,j
FN:21743,$
FN:21749,q
FN:21758,L
FN:21763,M
FN:21768,D
FN:21773,H
FN:21778,O
FN:21783,W
FN:21788,z
FN:21793,I
FN:21798,J
FN:21803,K
FN:21808,N
FN:21813,P
FN:21818,V
FN:21823,X
FN:21828,Y
FN:21835,Z
FN:21842,_
FN:21854,nl
FN:21866,ll
FN:21878,ul
FN:21883,tl
FN:21892,(anonymous_1268)
FN:21894,(anonymous_1269)
FN:21896,(anonymous_1270)
FN:21898,(anonymous_1271)
FN:21900,(anonymous_1272)
FN:21902,(anonymous_1273)
FN:21904,(anonymous_1274)
FN:21906,(anonymous_1275)
FN:21908,(anonymous_1276)
FN:21910,(anonymous_1277)
FN:21912,(anonymous_1278)
FN:21914,(anonymous_1279)
FN:21916,(anonymous_1280)
FN:21918,(anonymous_1281)
FN:21920,(anonymous_1282)
FN:21922,(anonymous_1283)
FN:21924,(anonymous_1284)
FN:21926,(anonymous_1285)
FN:21928,(anonymous_1286)
FN:21930,(anonymous_1287)
FN:21932,(anonymous_1288)
FN:21934,(anonymous_1289)
FN:21936,(anonymous_1290)
FN:21938,(anonymous_1291)
FN:21940,(anonymous_1292)
FN:21942,(anonymous_1293)
FN:21944,(anonymous_1294)
FN:21946,(anonymous_1295)
FN:21948,(anonymous_1296)
FN:21950,(anonymous_1297)
FN:21952,(anonymous_1298)
FN:21954,(anonymous_1299)
FN:21956,(anonymous_1300)
FN:21958,(anonymous_1301)
FN:21960,(anonymous_1302)
FN:21962,(anonymous_1303)
FN:21964,(anonymous_1304)
FN:21966,(anonymous_1305)
FN:21968,(anonymous_1306)
FN:21970,(anonymous_1307)
FN:21972,(anonymous_1308)
FN:21974,(anonymous_1309)
FN:21998,(anonymous_1310)
FN:22115,(anonymous_1311)
FN:22126,ascii
FN:22135,(anonymous_1313)
FN:22145,(anonymous_1314)
FN:22210,(anonymous_1315)
FN:22226,(anonymous_1316)
FN:22235,(anonymous_1317)
FN:22242,(anonymous_1318)
FN:22247,(anonymous_1319)
FN:22252,(anonymous_1320)
FN:22278,(anonymous_1321)
FN:22298,(anonymous_1322)
FN:22307,(anonymous_1323)
FN:22315,(anonymous_1324)
FN:22341,(anonymous_1325)
FN:22349,(anonymous_1326)
FN:22353,(anonymous_1327)
FN:22359,(anonymous_1328)
FN:22365,(anonymous_1329)
FN:22371,(anonymous_1330)
FN:22377,(anonymous_1331)
FN:22386,(anonymous_1332)
FN:22395,(anonymous_1333)
FN:22401,(anonymous_1334)
FN:22414,toJSONSchema
FN:22429,(anonymous_1336)
FN:22437,(anonymous_1337)
FN:22454,(anonymous_1338)
FN:22460,(anonymous_1339)
FN:22488,valid
FN:22535,diff
FN:22551,(anonymous_1342)
FN:22558,(anonymous_1343)
FN:22586,(anonymous_1344)
FN:22680,(anonymous_1345)
FN:22710,(anonymous_1346)
FN:22712,(anonymous_1347)
FN:22725,(anonymous_1348)
FN:22784,(anonymous_1349)
FN:22794,(anonymous_1350)
FN:22816,(anonymous_1351)
FN:22831,(anonymous_1352)
FN:22845,(anonymous_1353)
FN:22859,(anonymous_1354)
FN:22873,(anonymous_1355)
FN:22887,(anonymous_1356)
FN:22910,(anonymous_1357)
FN:22916,(anonymous_1358)
FN:22980,(anonymous_1359)
FN:23053,MockXMLHttpRequest
FN:23070,(anonymous_1361)
FN:23088,(anonymous_1362)
FN:23103,(anonymous_1363)
FN:23117,handle
FN:23161,(anonymous_1365)
FN:23178,send
FN:23199,done
FN:23222,abort
FN:23242,(anonymous_1369)
FN:23253,(anonymous_1370)
FN:23268,(anonymous_1371)
FN:23277,addEventListener
FN:23282,removeEventListener
FN:23290,dispatchEvent
FN:23302,createNativeXMLHttpRequest
FN:23303,(anonymous_1376)
FN:23314,createStandardXHR
FN:23320,createActiveXHR
FN:23329,find
FN:23342,match
FN:23354,convert
FN:23368,(anonymous_1382)
FN:23371,(anonymous_1383)
FN:23373,_interopDefault
FN:23380,throwError
FN:23384,warn
FN:23389,(anonymous_1387)
FN:23392,(anonymous_1388)
FN:23400,(anonymous_1389)
FN:23406,(anonymous_1390)
FN:23414,warnIfNoWindow
FN:23433,(anonymous_1392)
FN:23442,(anonymous_1393)
FN:23443,(anonymous_1394)
FN:23468,isDomSelector
FN:23495,isVueComponent
FN:23515,componentNeedsCompiling
FN:23524,isRefSelector
FN:23535,isNameSelector
FN:23543,templateContainsComponent
FN:23547,(anonymous_1401)
FN:23553,isPlainObject
FN:23557,isRequiredComponent
FN:23576,getSelectorType
FN:23587,getSelector
FN:23606,getRealChild
FN:23615,isSameChild
FN:23619,getFirstComponentChild
FN:23630,isPrimitive
FN:23640,isAsyncPlaceholder
FN:23644,hasParentTransition
FN:23653,render
FN:23660,(anonymous_1413)
FN:23713,(anonymous_1414)
FN:23721,(anonymous_1415)
FN:23742,render
FN:23764,WrapperArray
FN:23768,(anonymous_1418)
FN:23769,(anonymous_1419)
FN:23773,(anonymous_1420)
FN:23774,(anonymous_1421)
FN:23778,at
FN:23785,attributes
FN:23794,classes
FN:23803,contains
FN:23806,(anonymous_1426)
FN:23809,exists
FN:23810,(anonymous_1428)
FN:23813,filter
FN:23817,visible
FN:23820,(anonymous_1431)
FN:23823,emitted
FN:23832,emittedByOrder
FN:23841,hasAttribute
FN:23844,(anonymous_1435)
FN:23848,hasClass
FN:23851,(anonymous_1437)
FN:23854,hasProp
FN:23857,(anonymous_1439)
FN:23860,hasStyle
FN:23863,(anonymous_1441)
FN:23866,findAll
FN:23875,find
FN:23884,html
FN:23893,is
FN:23896,(anonymous_1446)
FN:23899,isEmpty
FN:23902,(anonymous_1448)
FN:23905,isVisible
FN:23908,(anonymous_1450)
FN:23911,isVueInstance
FN:23914,(anonymous_1452)
FN:23917,name
FN:23926,props
FN:23935,text
FN:23944,throwErrorIfWrappersIsEmpty
FN:23950,setComputed
FN:23953,(anonymous_1458)
FN:23956,setData
FN:23959,(anonymous_1460)
FN:23962,setMethods
FN:23965,(anonymous_1462)
FN:23968,setProps
FN:23971,(anonymous_1464)
FN:23974,setValue
FN:23977,(anonymous_1466)
FN:23980,setChecked
FN:23985,(anonymous_1468)
FN:23988,setSelected
FN:23997,trigger
FN:24000,(anonymous_1471)
FN:24003,update
FN:24011,destroy
FN:24014,(anonymous_1474)
FN:24019,ErrorWrapper
FN:24023,at
FN:24029,attributes
FN:24035,classes
FN:24041,contains
FN:24047,emitted
FN:24053,emittedByOrder
FN:24059,exists
FN:24063,filter
FN:24069,visible
FN:24075,hasAttribute
FN:24081,hasClass
FN:24087,hasProp
FN:24093,hasStyle
FN:24099,findAll
FN:24105,find
FN:24111,html
FN:24117,is
FN:24123,isEmpty
FN:24129,isVisible
FN:24135,isVueInstance
FN:24141,name
FN:24147,props
FN:24153,text
FN:24159,setComputed
FN:24165,setData
FN:24171,setMethods
FN:24177,setProps
FN:24183,setValue
FN:24189,setChecked
FN:24195,setSelected
FN:24201,trigger
FN:24207,update
FN:24214,destroy
FN:24222,findDOMNodes
FN:24238,vmMatchesName
FN:24245,vmCtorMatches
FN:24262,(anonymous_1512)
FN:24269,matches
FN:24305,findAllInstances
FN:24310,(anonymous_1515)
FN:24318,findAllVNodes
FN:24328,(anonymous_1517)
FN:24343,removeDuplicateNodes
FN:24344,(anonymous_1519)
FN:24346,(anonymous_1520)
FN:24350,find
FN:24415,createWrapper
FN:24434,orderDeps
FN:24435,(anonymous_1524)
FN:24441,(anonymous_1525)
FN:24445,orderVmWatchers
FN:24451,(anonymous_1527)
FN:24461,orderWatchers
FN:24466,recursivelySetData
FN:24467,(anonymous_1530)
FN:24481,Wrapper
FN:24492,(anonymous_1532)
FN:24493,(anonymous_1533)
FN:24497,(anonymous_1534)
FN:24498,(anonymous_1535)
FN:24502,(anonymous_1536)
FN:24503,(anonymous_1537)
FN:24507,(anonymous_1538)
FN:24508,(anonymous_1539)
FN:24514,(anonymous_1540)
FN:24515,(anonymous_1541)
FN:24525,at
FN:24532,attributes
FN:24548,classes
FN:24556,(anonymous_1545)
FN:24565,(anonymous_1546)
FN:24582,contains
FN:24591,destroy
FN:24606,emitted
FN:24621,emittedByOrder
FN:24633,exists
FN:24640,filter
FN:24648,find$1
FN:24670,findAll
FN:24675,(anonymous_1555)
FN:24686,hasAttribute
FN:24711,hasClass
FN:24732,(anonymous_1558)
FN:24740,hasProp
FN:24771,hasStyle
FN:24821,html
FN:24828,is
FN:24841,isEmpty
FN:24853,(anonymous_1564)
FN:24858,(anonymous_1565)
FN:24864,isVisible
FN:24883,isVueInstance
FN:24890,name
FN:24907,props
FN:24924,(anonymous_1570)
FN:24941,setChecked
FN:24994,setSelected
FN:25042,setComputed
FN:25059,(anonymous_1574)
FN:25073,(anonymous_1575)
FN:25077,(anonymous_1576)
FN:25081,(anonymous_1577)
FN:25090,(anonymous_1578)
FN:25098,(anonymous_1579)
FN:25101,(anonymous_1580)
FN:25107,(anonymous_1581)
FN:25115,setData
FN:25136,setMethods
FN:25145,(anonymous_1584)
FN:25161,setProps
FN:25179,(anonymous_1586)
FN:25183,(anonymous_1587)
FN:25228,setValue
FN:25266,text
FN:25273,trigger
FN:25327,(anonymous_1591)
FN:25344,update
FN:25355,visible
FN:25377,setDepsSync
FN:25381,setWatcherSync
FN:25389,setWatchersToSync
FN:25395,(anonymous_1597)
FN:25406,(anonymous_1598)
FN:25411,(anonymous_1599)
FN:25421,(anonymous_1600)
FN:25422,VueWrapper
FN:25428,(anonymous_1602)
FN:25429,(anonymous_1603)
FN:25433,(anonymous_1604)
FN:25434,(anonymous_1605)
FN:25438,(anonymous_1606)
FN:25439,(anonymous_1607)
FN:25443,(anonymous_1608)
FN:25444,(anonymous_1609)
FN:25464,createVNodes
FN:25479,createVNodesForSlot
FN:25502,createSlotVNodes
FN:25506,(anonymous_1613)
FN:25510,(anonymous_1614)
FN:25521,addMocks
FN:25530,(anonymous_1616)
FN:25550,addHook
FN:25559,logEvents
FN:25565,(anonymous_1619)
FN:25575,addEventLogger
FN:25576,(anonymous_1621)
FN:25586,compileFromString
FN:25597,compileTemplate
FN:25603,(anonymous_1624)
FN:25620,compileTemplateForSlots
FN:25621,(anonymous_1626)
FN:25623,(anonymous_1627)
FN:25633,isVueComponentStub
FN:25637,isValidStub
FN:25645,resolveComponent
FN:25654,getCoreProperties
FN:25673,createClassString
FN:25680,createStubFromComponent
FN:25696,render
FN:25712,createStubFromString
FN:25731,validateStub
FN:25740,createStubsFromStubsObject
FN:25746,(anonymous_1638)
FN:25788,stubComponents
FN:25815,createStubsForComponent
FN:25847,addStubs
FN:25853,addStubComponentsMixin
FN:25883,extractInstanceOptions
FN:25887,(anonymous_1644)
FN:25895,isValidSlot
FN:25902,requiresTemplateCompiler
FN:25912,validateSlots
FN:25913,(anonymous_1648)
FN:25916,(anonymous_1649)
FN:25930,isDestructuringSlotScope
FN:25934,getVueTemplateCompilerHelpers
FN:25955,(anonymous_1652)
FN:25962,validateEnvironment
FN:25971,customWarn
FN:25977,createScopedSlots
FN:25986,(anonymous_1656)
FN:25996,(anonymous_1657)
FN:26020,createFunctionalComponent
FN:26036,render
FN:26043,(anonymous_1660)
FN:26053,createdFrom
FN:26065,resolveComponents
FN:26079,(anonymous_1663)
FN:26085,shouldExtend
FN:26100,extendExtendedComponents
FN:26113,(anonymous_1666)
FN:26151,addExtendedOverwrites
FN:26164,vueExtendUnsupportedOption
FN:26180,createInstance
FN:26196,(anonymous_1670)
FN:26281,(anonymous_1671)
FN:26295,(anonymous_1672)
FN:26320,createElement
FN:26333,errorHandler
FN:26347,normalizeStubs
FN:26357,(anonymous_1676)
FN:26370,getOption
FN:26386,mergeOptions
FN:26407,listCacheClear
FN:26446,eq
FN:26460,assocIndexOf
FN:26487,listCacheDelete
FN:26515,listCacheGet
FN:26533,listCacheHas
FN:26549,listCacheSet
FN:26571,ListCache
FN:26600,stackClear
FN:26616,stackDelete
FN:26635,stackGet
FN:26650,stackHas
FN:26658,createCommonjsModule
FN:26703,getRawTag
FN:26742,objectToString
FN:26762,baseGetTag
FN:26798,isObject
FN:26828,isFunction
FN:26846,(anonymous_1697)
FN:26858,isMasked
FN:26877,toSource
FN:26924,baseIsNative
FN:26942,getValue
FN:26956,getNative
FN:26980,hashClear
FN:26997,hashDelete
FN:27023,hashGet
FN:27049,hashHas
FN:27069,hashSet
FN:27085,Hash
FN:27114,mapCacheClear
FN:27132,isKeyable
FN:27149,getMapData
FN:27167,mapCacheDelete
FN:27184,mapCacheGet
FN:27199,mapCacheHas
FN:27215,mapCacheSet
FN:27233,MapCache
FN:27268,stackSet
FN:27293,Stack
FN:27316,arrayEach
FN:27330,(anonymous_1720)
FN:27349,baseAssignValue
FN:27380,assignValue
FN:27400,copyObject
FN:27437,baseTimes
FN:27473,isObjectLike
FN:27489,baseIsArguments
FN:27522,(anonymous_1727)
FN:27522,(anonymous_1728)
FN:27569,stubFalse
FN:27575,(anonymous_1730)
FN:27627,isIndex
FN:27665,isLength
FN:27722,baseIsTypedArray
FN:27736,baseUnary
FN:27737,(anonymous_1735)
FN:27744,(anonymous_1736)
FN:27758,(anonymous_1737)
FN:27805,arrayLikeKeys
FN:27844,isPrototype
FN:27861,overArg
FN:27862,(anonymous_1741)
FN:27887,baseKeys
FN:27927,isArrayLike
FN:27961,keys
FN:27976,baseAssign
FN:27991,nativeKeysIn
FN:28016,baseKeysIn
FN:28056,keysIn$1
FN:28071,baseAssignIn
FN:28077,(anonymous_1750)
FN:28099,cloneBuffer
FN:28121,copyArray
FN:28143,arrayFilter
FN:28178,stubArray
FN:28200,(anonymous_1755)
FN:28205,(anonymous_1756)
FN:28220,copySymbols
FN:28234,arrayPush
FN:28262,(anonymous_1759)
FN:28281,copySymbolsIn
FN:28298,baseGetAllKeys
FN:28312,getAllKeys
FN:28326,getAllKeysIn
FN:28383,(anonymous_1764)
FN:28416,initCloneArray
FN:28442,cloneArrayBuffer
FN:28458,cloneDataView
FN:28473,addMapEntry
FN:28493,arrayReduce
FN:28515,mapToArray
FN:28519,(anonymous_1771)
FN:28539,cloneMap
FN:28556,cloneRegExp
FN:28572,addSetEntry
FN:28587,setToArray
FN:28591,(anonymous_1776)
FN:28611,cloneSet
FN:28629,cloneSymbol
FN:28643,cloneTypedArray
FN:28685,initCloneByTag
FN:28734,(anonymous_1781)
FN:28735,object
FN:28736,(anonymous_1783)
FN:28759,initCloneObject
FN:28833,baseClone
FN:28888,(anonymous_1786)
FN:28923,cloneDeep
FN:28931,createLocalVue
FN:28937,(anonymous_1789)
FN:28972,(anonymous_1790)
FN:28991,mount
FN:29018,(anonymous_1792)
FN:29039,shallowMount
FN:29090,render
FN:29095,shallow
FN:29123,(anonymous_1796)
FN:29125,(anonymous_1797)
FN:29125,(anonymous_1798)
FN:29129,(anonymous_1799)
FN:29135,deindent
FN:29164,(anonymous_1801)
FN:29169,count
FN:29183,isUndef
FN:29196,isPrimitive
FN:29211,isObject
FN:29220,toRawType
FN:29228,isPlainObject
FN:29237,isValidArrayIndex
FN:29257,makeMap
FN:29267,(anonymous_1810)
FN:29268,(anonymous_1811)
FN:29284,remove
FN:29297,hasOwn
FN:29304,cached
FN:29306,cachedFn
FN:29316,(anonymous_1816)
FN:29317,(anonymous_1817)
FN:29336,polyfillBind
FN:29337,boundFn
FN:29350,nativeBind
FN:29366,extend
FN:29383,noop
FN:29388,(anonymous_1823)
FN:29393,(anonymous_1824)
FN:29398,genStaticKeys
FN:29399,(anonymous_1826)
FN:29465,(anonymous_1827)
FN:29486,(anonymous_1828)
FN:29488,decodeAttr
FN:29490,(anonymous_1830)
FN:29493,parseHTML
FN:29587,(anonymous_1832)
FN:29619,advance
FN:29624,parseStartTag
FN:29647,handleStartTag
FN:29692,parseEndTag
FN:29758,parseComponent
FN:29773,start
FN:29785,(anonymous_1839)
FN:29809,checkAttrs
FN:29827,end
FN:29842,padContent
FN:29872,def
FN:29906,get
FN:29918,(anonymous_1845)
FN:29936,isNative
FN:30073,(anonymous_1847)
FN:30074,(anonymous_1848)
FN:30077,(anonymous_1849)
FN:30087,(anonymous_1850)
FN:30095,(anonymous_1851)
FN:30117,(anonymous_1852)
FN:30127,(anonymous_1853)
FN:30147,(anonymous_1854)
FN:30166,Dep
FN:30171,addSub
FN:30175,removeSub
FN:30179,depend
FN:30185,notify
FN:30200,VNode
FN:30239,(anonymous_1861)
FN:30275,(anonymous_1862)
FN:30278,mutator
FN:30319,Observer
FN:30340,walk
FN:30350,observeArray
FN:30362,protoAugment
FN:30373,copyAugment
FN:30385,observe
FN:30410,defineReactive
FN:30435,reactiveGetter
FN:30448,reactiveSetter
FN:30474,set
FN:30515,dependArray
FN:30538,(anonymous_1875)
FN:30552,mergeData
FN:30572,mergeDataOrFn
FN:30590,mergedDataFn
FN:30597,mergedInstanceDataFn
FN:30614,(anonymous_1880)
FN:30639,mergeHook
FN:30652,(anonymous_1882)
FN:30663,mergeAssets
FN:30678,(anonymous_1884)
FN:30688,(anonymous_1885)
FN:30724,(anonymous_1886)
FN:30744,(anonymous_1887)
FN:30752,assertObjectType
FN:30782,flushCallbacks
FN:30834,(anonymous_1890)
FN:30883,(anonymous_1891)
FN:30885,(anonymous_1892)
FN:30889,getTagNamespace
FN:30914,parseFilters
FN:30982,pushFilter
FN:30996,wrapFilter
FN:31013,(anonymous_1897)
FN:31021,parseText
FN:31058,baseWarn
FN:31062,pluckModuleFunction
FN:31067,(anonymous_1901)
FN:31067,(anonymous_1902)
FN:31071,addProp
FN:31076,addAttr
FN:31082,addRawAttr
FN:31087,addDirective
FN:31099,addHandler
FN:31175,getBindingAttr
FN:31197,getAndRemoveAttr
FN:31220,transformNode
FN:31243,genData
FN:31262,(anonymous_1912)
FN:31266,(anonymous_1913)
FN:31285,transformNode$1
FN:31310,genData$1
FN:31333,createCommonjsModule
FN:31337,(anonymous_1917)
FN:31339,(anonymous_1918)
FN:31403,(anonymous_1919)
FN:31407,(anonymous_1920)
FN:31418,(anonymous_1921)
FN:31433,(anonymous_1922)
FN:31463,(anonymous_1923)
FN:31467,(anonymous_1924)
FN:31471,(anonymous_1925)
FN:31477,(anonymous_1926)
FN:31488,(anonymous_1927)
FN:31494,(anonymous_1928)
FN:31512,(anonymous_1929)
FN:31522,(anonymous_1930)
FN:31532,(anonymous_1931)
FN:31543,(anonymous_1932)
FN:31563,(anonymous_1933)
FN:31569,(anonymous_1934)
FN:31640,(anonymous_1935)
FN:31641,(anonymous_1936)
FN:31662,(anonymous_1937)
FN:31685,genComponentModel
FN:31717,genAssignmentCode
FN:31753,parseModel
FN:31793,next
FN:31797,eof
FN:31801,isStringStart
FN:31805,parseBracket
FN:31823,parseString
FN:31859,createASTElement
FN:31877,parse
FN:31901,warnOnce
FN:31908,closeElement
FN:31930,start
FN:31980,checkRootConstraints
FN:32036,end
FN:32049,chars
FN:32094,comment
FN:32105,processPre
FN:32111,processRawAttrs
FN:32127,processElement
FN:32143,processKey
FN:32153,processRef
FN:32161,processFor
FN:32177,parseFor
FN:32196,processIf
FN:32215,processIfConditions
FN:32230,findPrevElement
FN:32247,addIfCondition
FN:32254,processOnce
FN:32261,processSlot
FN:32310,processComponent
FN:32320,processAttrs
FN:32403,checkInFor
FN:32414,parseModifiers
FN:32418,(anonymous_1972)
FN:32423,makeAttrsMap
FN:32438,isTextTag
FN:32442,isForbiddenTag
FN:32456,guardIESVGBug
FN:32468,checkForAliasModel
FN:32496,preTransformNode
FN:32558,cloneASTElement
FN:32581,model$1
FN:32632,genCheckboxModel
FN:32663,genRadioModel
FN:32675,genSelect
FN:32692,genDefaultModel
FN:32746,text
FN:32754,html
FN:32799,optimize
FN:32809,genStaticKeys$1
FN:32816,markStatic
FN:32848,markStaticRoots
FN:32878,isStatic
FN:32895,isDirectChildOfTemplateFor
FN:32943,(anonymous_1993)
FN:32958,genHandlers
FN:32970,genHandler
FN:32979,(anonymous_1996)
FN:33006,(anonymous_1997)
FN:33007,(anonymous_1998)
FN:33031,genKeyFilter
FN:33035,genFilterCode
FN:33054,on
FN:33058,(anonymous_2002)
FN:33063,bind$1
FN:33064,(anonymous_2004)
FN:33079,CodegenState
FN:33086,(anonymous_2006)
FN:33093,generate
FN:33105,genElement
FN:33138,genStatic
FN:33145,genOnce
FN:33171,genIf
FN:33181,genIfConditions
FN:33199,genTernaryExp
FN:33208,genFor
FN:33240,genData$2
FN:33318,genDirectives
FN:33343,genInlineTemplate
FN:33352,(anonymous_2018)
FN:33356,genScopedSlots
FN:33360,(anonymous_2020)
FN:33365,genScopedSlot
FN:33382,genForScopedSlot
FN:33398,genChildren
FN:33420,(anonymous_2024)
FN:33428,getNormalizationType
FN:33439,(anonymous_2026)
FN:33444,(anonymous_2027)
FN:33451,needsNormalization
FN:33455,genNode
FN:33465,genText
FN:33471,genComment
FN:33475,genSlot
FN:33479,(anonymous_2033)
FN:33494,genComponent
FN:33503,genProps
FN:33516,transformSpecialNewlines
FN:33541,detectErrors
FN:33549,checkNode
FN:33575,checkEvent
FN:33587,checkFor
FN:33594,checkIdentifier
FN:33609,checkExpression
FN:33631,createFunction
FN:33640,createCompileToFunctionFn
FN:33643,compileToFunctions
FN:33686,(anonymous_2046)
FN:33691,(anonymous_2047)
FN:33699,(anonymous_2048)
FN:33711,(anonymous_2049)
FN:33728,createCompilerCreator
FN:33729,createCompiler
FN:33730,compile
FN:33737,(anonymous_2053)
FN:33783,baseCompile
FN:33826,(anonymous_2055)
FN:33847,escape
FN:33851,escapeChar
FN:33861,applyModelTransform
FN:33869,(anonymous_2059)
FN:33877,genAttrSegments
FN:33880,(anonymous_2061)
FN:33888,genDOMPropSegments
FN:33893,(anonymous_2063)
FN:33899,(anonymous_2064)
FN:33907,genAttrSegment
FN:33931,genClassSegments
FN:33945,genStyleSegments
FN:33986,optimize$1
FN:33992,walk
FN:33999,(anonymous_2070)
FN:34034,optimizeSiblings
FN:34039,(anonymous_2072)
FN:34069,isUnOptimizableTree
FN:34083,hasCustomDirective
FN:34087,(anonymous_2075)
FN:34093,isSelectWithModel
FN:34098,(anonymous_2077)
FN:34113,generate$1
FN:34125,genSSRElement
FN:34155,genNormalElement
FN:34163,genSSRChildren
FN:34167,genSSRNode
FN:34173,genChildrenAsStringNode
FN:34179,genStringElement
FN:34183,genStringElementWithChildren
FN:34188,elementToString
FN:34192,elementToSegments
FN:34220,elementToOpenTagSegments
FN:34267,childrenToSegments
FN:34283,nodesToSegments
FN:34301,flattenSegments
FN:34305,(anonymous_2092)
FN:34331,baseCompile
FN:34372,(anonymous_2094)
FN:34405,(anonymous_2095)
FN:34406,(anonymous_2096)
FNF:2096
FNH:609
FNDA:1,(anonymous_1)
FNDA:221,__webpack_require__
FNDA:4,(anonymous_3)
FNDA:4,(anonymous_4)
FNDA:0,getDefault
FNDA:1,getModuleExports
FNDA:4,(anonymous_7)
FNDA:1,(anonymous_8)
FNDA:1,(anonymous_9)
FNDA:51,isArray
FNDA:1,isArrayBuffer
FNDA:2,isFormData
FNDA:1,isArrayBufferView
FNDA:0,isString
FNDA:0,isNumber
FNDA:0,isUndefined
FNDA:2,isObject
FNDA:0,isDate
FNDA:1,isFile
FNDA:1,isBlob
FNDA:0,isFunction
FNDA:1,isStream
FNDA:1,isURLSearchParams
FNDA:0,trim
FNDA:3,isStandardBrowserEnv
FNDA:51,forEach
FNDA:18,merge
FNDA:88,assignValue
FNDA:4,extend
FNDA:20,assignValue
FNDA:1,(anonymous_31)
FNDA:11,(anonymous_32)
FNDA:1,(anonymous_33)
FNDA:1,(anonymous_34)
FNDA:0,(anonymous_35)
FNDA:1,(anonymous_36)
FNDA:1,(anonymous_37)
FNDA:0,(anonymous_38)
FNDA:1,(anonymous_39)
FNDA:0,defaultSetTimout
FNDA:0,defaultClearTimeout
FNDA:1,(anonymous_42)
FNDA:0,runTimeout
FNDA:0,runClearTimeout
FNDA:0,cleanUpNextTick
FNDA:0,drainQueue
FNDA:0,(anonymous_47)
FNDA:0,Item
FNDA:0,(anonymous_49)
FNDA:0,noop
FNDA:0,(anonymous_51)
FNDA:0,(anonymous_52)
FNDA:0,(anonymous_53)
FNDA:0,(anonymous_54)
FNDA:0,(anonymous_55)
FNDA:1,(anonymous_56)
FNDA:7,(anonymous_57)
FNDA:1,(anonymous_58)
FNDA:0,(anonymous_59)
FNDA:1,(anonymous_60)
FNDA:2,(anonymous_61)
FNDA:1,(anonymous_62)
FNDA:1,(anonymous_63)
FNDA:1,(anonymous_64)
FNDA:1,(anonymous_65)
FNDA:1,(anonymous_66)
FNDA:1,normalizeComponent
FNDA:0,(anonymous_68)
FNDA:0,renderWithStyleInjection
FNDA:1,(anonymous_70)
FNDA:5,(anonymous_71)
FNDA:0,(anonymous_72)
FNDA:0,(anonymous_73)
FNDA:0,(anonymous_74)
FNDA:0,(anonymous_75)
FNDA:1,(anonymous_76)
FNDA:5,(anonymous_77)
FNDA:1,(anonymous_78)
FNDA:0,defineProperty
FNDA:1,(anonymous_80)
FNDA:13,(anonymous_81)
FNDA:1,(anonymous_82)
FNDA:3,(anonymous_83)
FNDA:1,(anonymous_84)
FNDA:1,(anonymous_85)
FNDA:99,isUndef
FNDA:268,isDef
FNDA:27,isTrue
FNDA:2,isFalse
FNDA:10,isPrimitive
FNDA:25,isObject
FNDA:0,toRawType
FNDA:9,isPlainObject
FNDA:22,isRegExp
FNDA:0,isValidArrayIndex
FNDA:1,toString
FNDA:0,toNumber
FNDA:17,makeMap
FNDA:16,(anonymous_99)
FNDA:11,(anonymous_100)
FNDA:0,remove
FNDA:48,hasOwn
FNDA:11,cached
FNDA:4,cachedFn
FNDA:1,(anonymous_105)
FNDA:2,(anonymous_106)
FNDA:1,(anonymous_107)
FNDA:0,(anonymous_108)
FNDA:0,polyfillBind
FNDA:0,boundFn
FNDA:1,nativeBind
FNDA:0,toArray
FNDA:11,extend
FNDA:0,toObject
FNDA:0,noop
FNDA:0,(anonymous_116)
FNDA:2,(anonymous_117)
FNDA:1,genStaticKeys
FNDA:3,(anonymous_119)
FNDA:0,looseEqual
FNDA:0,(anonymous_121)
FNDA:0,(anonymous_122)
FNDA:0,looseIndexOf
FNDA:0,once
FNDA:0,(anonymous_125)
FNDA:1,isReserved
FNDA:13,def
FNDA:0,parsePath
FNDA:0,(anonymous_129)
FNDA:1,get
FNDA:6,(anonymous_131)
FNDA:6,isNative
FNDA:0,(anonymous_133)
FNDA:0,Set
FNDA:0,has
FNDA:0,add
FNDA:0,clear
FNDA:0,(anonymous_138)
FNDA:0,(anonymous_139)
FNDA:0,(anonymous_140)
FNDA:0,(anonymous_141)
FNDA:0,(anonymous_142)
FNDA:0,(anonymous_143)
FNDA:0,(anonymous_144)
FNDA:0,(anonymous_145)
FNDA:21,Dep
FNDA:1,addSub
FNDA:0,removeSub
FNDA:1,depend
FNDA:1,notify
FNDA:21,pushTarget
FNDA:21,popTarget
FNDA:13,VNode
FNDA:0,(anonymous_154)
FNDA:0,(anonymous_155)
FNDA:5,createTextVNode
FNDA:0,cloneVNode
FNDA:7,(anonymous_158)
FNDA:0,mutator
FNDA:0,toggleObserving
FNDA:6,Observer
FNDA:6,walk
FNDA:0,observeArray
FNDA:0,protoAugment
FNDA:0,copyAugment
FNDA:12,observe
FNDA:15,defineReactive
FNDA:2,reactiveGetter
FNDA:1,reactiveSetter
FNDA:0,set
FNDA:0,del
FNDA:0,dependArray
FNDA:0,(anonymous_173)
FNDA:0,mergeData
FNDA:5,mergeDataOrFn
FNDA:0,mergedDataFn
FNDA:1,mergedInstanceDataFn
FNDA:2,(anonymous_178)
FNDA:12,mergeHook
FNDA:11,(anonymous_180)
FNDA:18,mergeAssets
FNDA:3,(anonymous_182)
FNDA:0,(anonymous_183)
FNDA:3,(anonymous_184)
FNDA:37,(anonymous_185)
FNDA:6,checkComponents
FNDA:3,validateComponentName
FNDA:6,normalizeProps
FNDA:6,normalizeInject
FNDA:6,normalizeDirectives
FNDA:2,assertObjectType
FNDA:6,mergeOptions
FNDA:75,mergeField
FNDA:4,resolveAsset
FNDA:0,validateProp
FNDA:0,getPropDefaultValue
FNDA:0,assertProp
FNDA:0,assertType
FNDA:0,getType
FNDA:0,isSameType
FNDA:0,getTypeIndex
FNDA:0,handleError
FNDA:0,globalHandleError
FNDA:0,logError
FNDA:0,flushCallbacks
FNDA:0,(anonymous_206)
FNDA:0,(anonymous_207)
FNDA:0,(anonymous_208)
FNDA:0,(anonymous_209)
FNDA:0,withMacroTask
FNDA:0,(anonymous_211)
FNDA:0,nextTick
FNDA:0,(anonymous_213)
FNDA:0,(anonymous_214)
FNDA:0,(anonymous_215)
FNDA:0,(anonymous_216)
FNDA:0,(anonymous_217)
FNDA:0,set
FNDA:0,has
FNDA:9,get
FNDA:4,initProxy
FNDA:0,traverse
FNDA:0,_traverse
FNDA:0,(anonymous_224)
FNDA:0,createFnInvoker
FNDA:0,invoker
FNDA:0,updateListeners
FNDA:0,mergeVNodeHook
FNDA:0,wrappedHook
FNDA:3,extractPropsFromVNodeData
FNDA:0,checkProp
FNDA:1,simpleNormalizeChildren
FNDA:3,normalizeChildren
FNDA:4,isTextNode
FNDA:2,normalizeArrayChildren
FNDA:0,ensureCtor
FNDA:0,createAsyncPlaceholder
FNDA:0,resolveAsyncComponent
FNDA:0,(anonymous_239)
FNDA:0,(anonymous_240)
FNDA:0,(anonymous_241)
FNDA:0,(anonymous_242)
FNDA:0,(anonymous_243)
FNDA:0,isAsyncPlaceholder
FNDA:0,getFirstComponentChild
FNDA:4,initEvents
FNDA:0,add
FNDA:0,remove$1
FNDA:0,updateComponentListeners
FNDA:1,eventsMixin
FNDA:0,(anonymous_251)
FNDA:0,(anonymous_252)
FNDA:0,on
FNDA:0,(anonymous_254)
FNDA:0,(anonymous_255)
FNDA:4,resolveSlots
FNDA:2,isWhitespace
FNDA:0,resolveScopedSlots
FNDA:4,initLifecycle
FNDA:1,lifecycleMixin
FNDA:4,(anonymous_261)
FNDA:0,(anonymous_262)
FNDA:0,(anonymous_263)
FNDA:4,mountComponent
FNDA:0,(anonymous_265)
FNDA:4,(anonymous_266)
FNDA:0,updateChildComponent
FNDA:0,isInInactiveTree
FNDA:0,activateChildComponent
FNDA:0,deactivateChildComponent
FNDA:16,callHook
FNDA:0,resetSchedulerState
FNDA:0,flushSchedulerQueue
FNDA:0,(anonymous_274)
FNDA:0,callUpdatedHooks
FNDA:0,queueActivatedComponent
FNDA:0,callActivatedHooks
FNDA:0,queueWatcher
FNDA:4,Watcher
FNDA:0,(anonymous_280)
FNDA:4,get
FNDA:1,addDep
FNDA:4,cleanupDeps
FNDA:0,update
FNDA:0,run
FNDA:0,evaluate
FNDA:0,depend
FNDA:0,teardown
FNDA:1,proxy
FNDA:2,proxyGetter
FNDA:1,proxySetter
FNDA:4,initState
FNDA:0,initProps
FNDA:0,(anonymous_294)
FNDA:0,(anonymous_295)
FNDA:1,initData
FNDA:1,getData
FNDA:0,initComputed
FNDA:0,defineComputed
FNDA:0,(anonymous_300)
FNDA:0,createComputedGetter
FNDA:0,computedGetter
FNDA:1,initMethods
FNDA:0,initWatch
FNDA:0,createWatcher
FNDA:1,stateMixin
FNDA:0,(anonymous_307)
FNDA:2,(anonymous_308)
FNDA:0,(anonymous_309)
FNDA:0,(anonymous_310)
FNDA:0,(anonymous_311)
FNDA:0,unwatchFn
FNDA:4,initProvide
FNDA:4,initInjections
FNDA:0,(anonymous_315)
FNDA:0,(anonymous_316)
FNDA:4,resolveInject
FNDA:0,(anonymous_318)
FNDA:0,renderList
FNDA:0,renderSlot
FNDA:0,resolveFilter
FNDA:0,isKeyNotMatch
FNDA:0,checkKeyCodes
FNDA:0,bindObjectProps
FNDA:0,(anonymous_325)
FNDA:0,(anonymous_326)
FNDA:0,renderStatic
FNDA:0,markOnce
FNDA:0,markStatic
FNDA:0,markStaticNode
FNDA:0,bindObjectListeners
FNDA:2,installRenderHelpers
FNDA:0,FunctionalRenderContext
FNDA:0,(anonymous_334)
FNDA:0,(anonymous_335)
FNDA:0,(anonymous_336)
FNDA:0,createFunctionalComponent
FNDA:0,cloneAndMarkFunctionalResult
FNDA:0,mergeProps
FNDA:3,init
FNDA:0,prepatch
FNDA:3,insert
FNDA:0,destroy
FNDA:3,createComponent
FNDA:3,createComponentInstanceForVnode
FNDA:3,installComponentHooks
FNDA:0,transformModel
FNDA:7,createElement
FNDA:7,_createElement
FNDA:0,applyNS
FNDA:5,registerDeepBindings
FNDA:4,initRender
FNDA:4,(anonymous_353)
FNDA:3,(anonymous_354)
FNDA:0,(anonymous_355)
FNDA:0,(anonymous_356)
FNDA:1,renderMixin
FNDA:0,(anonymous_358)
FNDA:4,(anonymous_359)
FNDA:1,initMixin
FNDA:4,(anonymous_361)
FNDA:3,initInternalComponent
FNDA:13,resolveConstructorOptions
FNDA:0,resolveModifiedOptions
FNDA:0,dedupe
FNDA:0,Vue
FNDA:1,initUse
FNDA:0,(anonymous_368)
FNDA:1,initMixin$1
FNDA:0,(anonymous_370)
FNDA:1,initExtend
FNDA:6,(anonymous_372)
FNDA:4,VueComponent
FNDA:15,(anonymous_374)
FNDA:0,initProps$1
FNDA:0,initComputed$1
FNDA:1,initAssetRegisters
FNDA:3,(anonymous_378)
FNDA:0,(anonymous_379)
FNDA:0,getComponentName
FNDA:0,matches
FNDA:0,pruneCache
FNDA:0,pruneCacheEntry
FNDA:0,created
FNDA:0,destroyed
FNDA:0,mounted
FNDA:0,(anonymous_387)
FNDA:0,(anonymous_388)
FNDA:0,(anonymous_389)
FNDA:0,(anonymous_390)
FNDA:0,render
FNDA:1,initGlobalAPI
FNDA:24,(anonymous_393)
FNDA:0,(anonymous_394)
FNDA:3,(anonymous_395)
FNDA:0,get
FNDA:0,(anonymous_397)
FNDA:0,(anonymous_398)
FNDA:0,(anonymous_399)
FNDA:4,(anonymous_400)
FNDA:0,genClassForVnode
FNDA:0,mergeClassData
FNDA:0,renderClass
FNDA:0,concat
FNDA:0,stringifyClass
FNDA:0,stringifyArray
FNDA:0,stringifyObject
FNDA:0,(anonymous_408)
FNDA:11,(anonymous_409)
FNDA:6,getTagNamespace
FNDA:2,isUnknownElement
FNDA:0,query
FNDA:4,createElement$1
FNDA:0,createElementNS
FNDA:5,createTextNode
FNDA:0,createComment
FNDA:0,insertBefore
FNDA:0,removeChild
FNDA:8,appendChild
FNDA:0,parentNode
FNDA:0,nextSibling
FNDA:0,tagName
FNDA:0,setTextContent
FNDA:0,setStyleScope
FNDA:5,create
FNDA:0,update
FNDA:0,destroy
FNDA:5,registerRef
FNDA:0,sameVnode
FNDA:0,sameInputType
FNDA:0,createKeyToOldIdx
FNDA:1,createPatchFunction
FNDA:0,emptyNodeAt
FNDA:0,createRmCb
FNDA:0,remove
FNDA:0,removeNode
FNDA:4,isUnknownElement$$1
FNDA:22,(anonymous_438)
FNDA:12,createElm
FNDA:12,createComponent
FNDA:3,initComponent
FNDA:0,reactivateComponent
FNDA:9,insert
FNDA:4,createChildren
FNDA:3,isPatchable
FNDA:5,invokeCreateHooks
FNDA:7,setScope
FNDA:0,addVnodes
FNDA:0,invokeDestroyHook
FNDA:0,removeVnodes
FNDA:0,removeAndInvokeRemoveHook
FNDA:0,updateChildren
FNDA:4,checkDuplicateKeys
FNDA:0,findIdxInOld
FNDA:0,patchVnode
FNDA:4,invokeInsertHook
FNDA:0,hydrate
FNDA:0,assertNodeMatch
FNDA:4,patch
FNDA:0,unbindDirectives
FNDA:5,updateDirectives
FNDA:0,_update
FNDA:0,(anonymous_463)
FNDA:0,(anonymous_464)
FNDA:0,normalizeDirectives$1
FNDA:0,getRawDirName
FNDA:0,callHook$1
FNDA:5,updateAttrs
FNDA:4,setAttr
FNDA:4,baseSetAttr
FNDA:0,(anonymous_471)
FNDA:5,updateClass
FNDA:0,parseFilters
FNDA:0,pushFilter
FNDA:0,wrapFilter
FNDA:0,baseWarn
FNDA:0,pluckModuleFunction
FNDA:0,(anonymous_478)
FNDA:0,(anonymous_479)
FNDA:0,addProp
FNDA:0,addAttr
FNDA:0,addRawAttr
FNDA:0,addDirective
FNDA:0,addHandler
FNDA:0,getBindingAttr
FNDA:0,getAndRemoveAttr
FNDA:0,genComponentModel
FNDA:0,genAssignmentCode
FNDA:0,parseModel
FNDA:0,next
FNDA:0,eof
FNDA:0,isStringStart
FNDA:0,parseBracket
FNDA:0,parseString
FNDA:0,model
FNDA:0,genCheckboxModel
FNDA:0,genRadioModel
FNDA:0,genSelect
FNDA:0,genDefaultModel
FNDA:0,normalizeEvents
FNDA:0,createOnceHandler
FNDA:0,onceHandler
FNDA:0,add$1
FNDA:0,remove$2
FNDA:5,updateDOMListeners
FNDA:5,updateDOMProps
FNDA:0,shouldUpdateValue
FNDA:0,isNotInFocusAndDirty
FNDA:0,isDirtyWithModifiers
FNDA:0,(anonymous_510)
FNDA:0,(anonymous_511)
FNDA:0,normalizeStyleData
FNDA:0,normalizeStyleBinding
FNDA:0,getStyle
FNDA:0,(anonymous_515)
FNDA:0,(anonymous_516)
FNDA:5,updateStyle
FNDA:0,addClass
FNDA:0,(anonymous_519)
FNDA:0,removeClass
FNDA:0,(anonymous_521)
FNDA:5,resolveTransition
FNDA:0,(anonymous_523)
FNDA:0,(anonymous_524)
FNDA:0,nextFrame
FNDA:0,(anonymous_526)
FNDA:0,addTransitionClass
FNDA:0,removeTransitionClass
FNDA:0,whenTransitionEnds
FNDA:0,(anonymous_530)
FNDA:0,(anonymous_531)
FNDA:0,(anonymous_532)
FNDA:0,getTransitionInfo
FNDA:0,getTimeout
FNDA:0,(anonymous_535)
FNDA:0,toMs
FNDA:5,enter
FNDA:0,(anonymous_538)
FNDA:0,(anonymous_539)
FNDA:0,(anonymous_540)
FNDA:0,leave
FNDA:0,(anonymous_542)
FNDA:0,performLeave
FNDA:0,(anonymous_544)
FNDA:0,checkDuration
FNDA:0,isValidDuration
FNDA:0,getHookArgumentsLength
FNDA:5,_enter
FNDA:0,remove$$1
FNDA:0,(anonymous_550)
FNDA:0,inserted
FNDA:0,(anonymous_552)
FNDA:0,componentUpdated
FNDA:0,(anonymous_554)
FNDA:0,(anonymous_555)
FNDA:0,setSelected
FNDA:0,(anonymous_557)
FNDA:0,actuallySetSelected
FNDA:0,hasNoMatchingOption
FNDA:0,(anonymous_560)
FNDA:0,getValue
FNDA:0,onCompositionStart
FNDA:0,onCompositionEnd
FNDA:0,trigger
FNDA:0,locateNode
FNDA:0,bind
FNDA:0,(anonymous_567)
FNDA:0,update
FNDA:0,(anonymous_569)
FNDA:0,(anonymous_570)
FNDA:0,unbind
FNDA:0,getRealChild
FNDA:0,extractTransitionData
FNDA:0,placeholder
FNDA:0,hasParentTransition
FNDA:0,isSameChild
FNDA:0,render
FNDA:0,(anonymous_578)
FNDA:0,(anonymous_579)
FNDA:0,(anonymous_580)
FNDA:0,(anonymous_581)
FNDA:0,(anonymous_582)
FNDA:0,render
FNDA:0,beforeUpdate
FNDA:0,updated
FNDA:0,(anonymous_586)
FNDA:0,cb
FNDA:0,hasMove
FNDA:0,(anonymous_589)
FNDA:0,callPendingCbs
FNDA:0,recordPosition
FNDA:0,applyTranslation
FNDA:4,(anonymous_593)
FNDA:1,(anonymous_594)
FNDA:0,(anonymous_595)
FNDA:0,parseText
FNDA:0,transformNode
FNDA:0,genData
FNDA:0,transformNode$1
FNDA:0,genData$1
FNDA:0,decode
FNDA:1,(anonymous_602)
FNDA:0,(anonymous_603)
FNDA:0,decodeAttr
FNDA:0,(anonymous_605)
FNDA:0,parseHTML
FNDA:0,(anonymous_607)
FNDA:0,advance
FNDA:0,parseStartTag
FNDA:0,handleStartTag
FNDA:0,parseEndTag
FNDA:0,createASTElement
FNDA:0,parse
FNDA:0,warnOnce
FNDA:0,closeElement
FNDA:0,start
FNDA:0,checkRootConstraints
FNDA:0,end
FNDA:0,chars
FNDA:0,comment
FNDA:0,processPre
FNDA:0,processRawAttrs
FNDA:0,processElement
FNDA:0,processKey
FNDA:0,processRef
FNDA:0,processFor
FNDA:0,parseFor
FNDA:0,processIf
FNDA:0,processIfConditions
FNDA:0,findPrevElement
FNDA:0,addIfCondition
FNDA:0,processOnce
FNDA:0,processSlot
FNDA:0,processComponent
FNDA:0,processAttrs
FNDA:0,checkInFor
FNDA:0,parseModifiers
FNDA:0,(anonymous_638)
FNDA:0,makeAttrsMap
FNDA:0,isTextTag
FNDA:0,isForbiddenTag
FNDA:0,guardIESVGBug
FNDA:0,checkForAliasModel
FNDA:0,preTransformNode
FNDA:0,cloneASTElement
FNDA:0,text
FNDA:0,html
FNDA:0,optimize
FNDA:0,genStaticKeys$1
FNDA:0,markStatic$1
FNDA:0,markStaticRoots
FNDA:0,isStatic
FNDA:0,isDirectChildOfTemplateFor
FNDA:8,(anonymous_654)
FNDA:0,genHandlers
FNDA:0,genHandler
FNDA:0,(anonymous_657)
FNDA:0,(anonymous_658)
FNDA:0,(anonymous_659)
FNDA:0,genKeyFilter
FNDA:0,genFilterCode
FNDA:0,on
FNDA:0,(anonymous_663)
FNDA:0,bind$1
FNDA:0,(anonymous_665)
FNDA:0,CodegenState
FNDA:0,(anonymous_667)
FNDA:0,generate
FNDA:0,genElement
FNDA:0,genStatic
FNDA:0,genOnce
FNDA:0,genIf
FNDA:0,genIfConditions
FNDA:0,genTernaryExp
FNDA:0,genFor
FNDA:0,genData$2
FNDA:0,genDirectives
FNDA:0,genInlineTemplate
FNDA:0,(anonymous_679)
FNDA:0,genScopedSlots
FNDA:0,(anonymous_681)
FNDA:0,genScopedSlot
FNDA:0,genForScopedSlot
FNDA:0,genChildren
FNDA:0,(anonymous_685)
FNDA:0,getNormalizationType
FNDA:0,(anonymous_687)
FNDA:0,(anonymous_688)
FNDA:0,needsNormalization
FNDA:0,genNode
FNDA:0,genText
FNDA:0,genComment
FNDA:0,genSlot
FNDA:0,(anonymous_694)
FNDA:0,genComponent
FNDA:0,genProps
FNDA:0,transformSpecialNewlines
FNDA:0,detectErrors
FNDA:0,checkNode
FNDA:0,checkEvent
FNDA:0,checkFor
FNDA:0,checkIdentifier
FNDA:0,checkExpression
FNDA:0,createFunction
FNDA:1,createCompileToFunctionFn
FNDA:0,compileToFunctions
FNDA:0,(anonymous_707)
FNDA:0,(anonymous_708)
FNDA:0,(anonymous_709)
FNDA:0,(anonymous_710)
FNDA:1,createCompilerCreator
FNDA:1,createCompiler
FNDA:0,compile
FNDA:0,(anonymous_714)
FNDA:0,baseCompile
FNDA:2,getShouldDecode
FNDA:0,(anonymous_717)
FNDA:4,(anonymous_718)
FNDA:0,getOuterHTML
FNDA:1,(anonymous_720)
FNDA:1,(anonymous_721)
FNDA:1,(anonymous_722)
FNDA:0,(anonymous_723)
FNDA:1,(anonymous_724)
FNDA:0,(anonymous_725)
FNDA:1,(anonymous_726)
FNDA:0,(anonymous_727)
FNDA:1,(anonymous_728)
FNDA:0,(anonymous_729)
FNDA:1,(anonymous_730)
FNDA:3,(anonymous_731)
FNDA:1,(anonymous_732)
FNDA:1,(anonymous_733)
FNDA:5,(anonymous_734)
FNDA:1,(anonymous_735)
FNDA:0,PromiseCapability
FNDA:0,(anonymous_737)
FNDA:0,(anonymous_738)
FNDA:1,(anonymous_739)
FNDA:1,(anonymous_740)
FNDA:0,setContentTypeIfUnset
FNDA:1,getDefaultAdapter
FNDA:1,transformRequest
FNDA:1,transformResponse
FNDA:1,validateStatus
FNDA:3,forEachMethodNoData
FNDA:3,forEachMethodWithData
FNDA:1,(anonymous_748)
FNDA:1,data
FNDA:1,getUserInfo
FNDA:1,(anonymous_751)
FNDA:1,created
FNDA:1,(anonymous_753)
FNDA:3,(anonymous_754)
FNDA:1,(anonymous_755)
FNDA:0,keys
FNDA:1,(anonymous_757)
FNDA:0,(anonymous_758)
FNDA:1,(anonymous_759)
FNDA:0,(anonymous_760)
FNDA:1,(anonymous_761)
FNDA:3,(anonymous_762)
FNDA:1,(anonymous_763)
FNDA:1,(anonymous_764)
FNDA:1,(anonymous_765)
FNDA:1,(anonymous_766)
FNDA:0,(anonymous_767)
FNDA:1,(anonymous_768)
FNDA:0,(anonymous_769)
FNDA:2,(anonymous_770)
FNDA:2,(anonymous_771)
FNDA:0,keys
FNDA:0,values
FNDA:0,entries
FNDA:0,values
FNDA:1,(anonymous_776)
FNDA:1,(anonymous_777)
FNDA:1,(anonymous_778)
FNDA:0,(anonymous_779)
FNDA:1,(anonymous_780)
FNDA:1,(anonymous_781)
FNDA:0,(anonymous_782)
FNDA:1,(anonymous_783)
FNDA:0,(anonymous_784)
FNDA:0,(anonymous_785)
FNDA:0,setImmediate
FNDA:0,(anonymous_787)
FNDA:0,clearImmediate
FNDA:0,(anonymous_789)
FNDA:0,(anonymous_790)
FNDA:0,(anonymous_791)
FNDA:0,(anonymous_792)
FNDA:0,(anonymous_793)
FNDA:0,(anonymous_794)
FNDA:1,(anonymous_795)
FNDA:0,(anonymous_796)
FNDA:1,(anonymous_797)
FNDA:0,(anonymous_798)
FNDA:1,(anonymous_799)
FNDA:18,bind
FNDA:1,wrap
FNDA:1,(anonymous_802)
FNDA:1,(anonymous_803)
FNDA:1,xhrAdapter
FNDA:1,dispatchXhrRequest
FNDA:0,handleProgress
FNDA:0,handleTimeout
FNDA:3,handleLoad
FNDA:0,handleError
FNDA:0,handleTimeout
FNDA:2,setRequestHeader
FNDA:0,onCanceled
FNDA:1,(anonymous_813)
FNDA:0,createError
FNDA:1,(anonymous_815)
FNDA:0,isCancel
FNDA:1,(anonymous_817)
FNDA:0,Cancel
FNDA:0,toString
FNDA:1,(anonymous_820)
FNDA:1,(anonymous_821)
FNDA:1,(anonymous_822)
FNDA:0,(anonymous_823)
FNDA:0,(anonymous_824)
FNDA:1,(anonymous_825)
FNDA:1,(anonymous_826)
FNDA:1,(anonymous_827)
FNDA:0,(anonymous_828)
FNDA:0,(anonymous_829)
FNDA:1,(anonymous_830)
FNDA:0,(anonymous_831)
FNDA:1,(anonymous_832)
FNDA:0,(anonymous_833)
FNDA:1,(anonymous_834)
FNDA:1,(anonymous_835)
FNDA:0,(anonymous_836)
FNDA:1,(anonymous_837)
FNDA:0,(anonymous_838)
FNDA:1,(anonymous_839)
FNDA:1,(anonymous_840)
FNDA:0,get
FNDA:0,active
FNDA:1,(anonymous_843)
FNDA:0,(anonymous_844)
FNDA:1,(anonymous_845)
FNDA:0,(anonymous_846)
FNDA:1,(anonymous_847)
FNDA:1,(anonymous_848)
FNDA:1,(anonymous_849)
FNDA:1,(anonymous_850)
FNDA:0,(anonymous_851)
FNDA:0,(anonymous_852)
FNDA:1,(anonymous_853)
FNDA:1,(anonymous_854)
FNDA:0,(anonymous_855)
FNDA:1,(anonymous_856)
FNDA:1,(anonymous_857)
FNDA:0,(anonymous_858)
FNDA:2,(anonymous_859)
FNDA:1,(anonymous_860)
FNDA:0,(anonymous_861)
FNDA:0,(anonymous_862)
FNDA:0,create
FNDA:1,(anonymous_864)
FNDA:0,defineProperties
FNDA:1,(anonymous_866)
FNDA:0,(anonymous_867)
FNDA:1,(anonymous_868)
FNDA:1,(anonymous_869)
FNDA:0,(anonymous_870)
FNDA:0,(anonymous_871)
FNDA:1,(anonymous_872)
FNDA:3,(anonymous_873)
FNDA:1,(anonymous_874)
FNDA:0,(anonymous_875)
FNDA:1,(anonymous_876)
FNDA:2,(anonymous_877)
FNDA:1,(anonymous_878)
FNDA:1,(anonymous_879)
FNDA:0,(anonymous_880)
FNDA:0,(anonymous_881)
FNDA:0,(anonymous_882)
FNDA:0,(anonymous_883)
FNDA:0,(anonymous_884)
FNDA:0,(anonymous_885)
FNDA:0,(anonymous_886)
FNDA:0,(anonymous_887)
FNDA:0,(anonymous_888)
FNDA:0,(anonymous_889)
FNDA:0,(anonymous_890)
FNDA:0,(anonymous_891)
FNDA:0,(anonymous_892)
FNDA:0,Promise
FNDA:0,Promise
FNDA:0,then
FNDA:0,(anonymous_896)
FNDA:0,(anonymous_897)
FNDA:0,(anonymous_898)
FNDA:0,reject
FNDA:0,resolve
FNDA:1,(anonymous_901)
FNDA:0,all
FNDA:0,(anonymous_903)
FNDA:0,(anonymous_904)
FNDA:0,(anonymous_905)
FNDA:0,race
FNDA:0,(anonymous_907)
FNDA:0,(anonymous_908)
FNDA:1,(anonymous_909)
FNDA:0,(anonymous_910)
FNDA:1,(anonymous_911)
FNDA:0,(anonymous_912)
FNDA:0,(anonymous_913)
FNDA:1,(anonymous_914)
FNDA:0,(anonymous_915)
FNDA:1,(anonymous_916)
FNDA:0,(anonymous_917)
FNDA:1,(anonymous_918)
FNDA:0,(anonymous_919)
FNDA:1,(anonymous_920)
FNDA:0,(anonymous_921)
FNDA:1,(anonymous_922)
FNDA:1,(anonymous_923)
FNDA:0,(anonymous_924)
FNDA:0,(anonymous_925)
FNDA:0,(anonymous_926)
FNDA:0,(anonymous_927)
FNDA:0,(anonymous_928)
FNDA:0,(anonymous_929)
FNDA:1,(anonymous_930)
FNDA:0,(anonymous_931)
FNDA:0,(anonymous_932)
FNDA:1,(anonymous_933)
FNDA:1,(anonymous_934)
FNDA:0,(anonymous_935)
FNDA:1,(anonymous_936)
FNDA:1,(anonymous_937)
FNDA:1,(anonymous_938)
FNDA:1,(anonymous_939)
FNDA:1,(anonymous_940)
FNDA:1,(anonymous_941)
FNDA:1,(anonymous_942)
FNDA:0,(anonymous_943)
FNDA:0,(anonymous_944)
FNDA:0,(anonymous_945)
FNDA:0,(anonymous_946)
FNDA:0,(anonymous_947)
FNDA:1,(anonymous_948)
FNDA:0,(anonymous_949)
FNDA:1,(anonymous_950)
FNDA:1,(anonymous_951)
FNDA:2,createInstance
FNDA:1,create
FNDA:0,all
FNDA:1,(anonymous_955)
FNDA:1,(anonymous_956)
FNDA:0,isBuffer
FNDA:0,isSlowBuffer
FNDA:1,(anonymous_959)
FNDA:2,Axios
FNDA:1,request
FNDA:1,unshiftRequestInterceptors
FNDA:1,pushResponseInterceptors
FNDA:4,forEachMethodNoData
FNDA:1,(anonymous_965)
FNDA:3,forEachMethodWithData
FNDA:0,(anonymous_967)
FNDA:1,(anonymous_968)
FNDA:1,normalizeHeaderName
FNDA:8,processHeader
FNDA:1,(anonymous_971)
FNDA:1,settle
FNDA:1,(anonymous_973)
FNDA:0,enhanceError
FNDA:1,(anonymous_975)
FNDA:0,encode
FNDA:1,buildURL
FNDA:0,serialize
FNDA:0,parseValue
FNDA:1,(anonymous_980)
FNDA:1,parseHeaders
FNDA:0,parser
FNDA:1,(anonymous_983)
FNDA:1,standardBrowserEnv
FNDA:1,resolveURL
FNDA:0,isURLSameOrigin
FNDA:0,nonStandardBrowserEnv
FNDA:0,isURLSameOrigin
FNDA:0,(anonymous_989)
FNDA:0,E
FNDA:0,btoa
FNDA:1,(anonymous_992)
FNDA:1,standardBrowserEnv
FNDA:0,write
FNDA:1,read
FNDA:0,remove
FNDA:0,nonStandardBrowserEnv
FNDA:0,write
FNDA:0,read
FNDA:0,remove
FNDA:1,(anonymous_1001)
FNDA:4,InterceptorManager
FNDA:2,use
FNDA:0,eject
FNDA:2,forEach
FNDA:2,forEachHandler
FNDA:1,(anonymous_1007)
FNDA:2,throwIfCancellationRequested
FNDA:1,dispatchRequest
FNDA:7,cleanHeaderConfig
FNDA:1,onAdapterResolution
FNDA:0,onAdapterRejection
FNDA:1,(anonymous_1013)
FNDA:2,transformData
FNDA:2,transform
FNDA:1,(anonymous_1016)
FNDA:0,isAbsoluteURL
FNDA:1,(anonymous_1018)
FNDA:0,combineURLs
FNDA:1,(anonymous_1020)
FNDA:0,CancelToken
FNDA:0,promiseExecutor
FNDA:0,cancel
FNDA:0,throwIfRequested
FNDA:0,source
FNDA:0,executor
FNDA:1,(anonymous_1027)
FNDA:0,spread
FNDA:0,wrap
FNDA:1,(anonymous_1030)
FNDA:1,(anonymous_1031)
FNDA:1,webpackUniversalModuleDefinition
FNDA:1,(anonymous_1033)
FNDA:1,(anonymous_1034)
FNDA:48,__webpack_require__
FNDA:1,(anonymous_1036)
FNDA:0,(anonymous_1037)
FNDA:2,(anonymous_1038)
FNDA:1,(anonymous_1039)
FNDA:6,(anonymous_1040)
FNDA:0,(anonymous_1041)
FNDA:2,(anonymous_1042)
FNDA:0,(anonymous_1043)
FNDA:1,(anonymous_1044)
FNDA:3,(anonymous_1045)
FNDA:0,(anonymous_1046)
FNDA:0,(anonymous_1047)
FNDA:0,(anonymous_1048)
FNDA:0,(anonymous_1049)
FNDA:0,(anonymous_1050)
FNDA:0,(anonymous_1051)
FNDA:0,(anonymous_1052)
FNDA:1,(anonymous_1053)
FNDA:1,(anonymous_1054)
FNDA:27,extend
FNDA:1,each
FNDA:771,type
FNDA:5,(anonymous_1058)
FNDA:762,(anonymous_1059)
FNDA:0,(anonymous_1060)
FNDA:0,(anonymous_1061)
FNDA:0,(anonymous_1062)
FNDA:0,(anonymous_1063)
FNDA:0,heredoc
FNDA:0,(anonymous_1065)
FNDA:1,(anonymous_1066)
FNDA:6,(anonymous_1067)
FNDA:1,(anonymous_1068)
FNDA:1,(anonymous_1069)
FNDA:0,(anonymous_1070)
FNDA:0,(anonymous_1071)
FNDA:0,(anonymous_1072)
FNDA:0,(anonymous_1073)
FNDA:0,(anonymous_1074)
FNDA:0,(anonymous_1075)
FNDA:0,(anonymous_1076)
FNDA:0,(anonymous_1077)
FNDA:0,(anonymous_1078)
FNDA:0,(anonymous_1079)
FNDA:0,(anonymous_1080)
FNDA:1,(anonymous_1081)
FNDA:0,(anonymous_1082)
FNDA:0,(anonymous_1083)
FNDA:0,(anonymous_1084)
FNDA:0,(anonymous_1085)
FNDA:0,(anonymous_1086)
FNDA:0,(anonymous_1087)
FNDA:0,(anonymous_1088)
FNDA:0,(anonymous_1089)
FNDA:0,(anonymous_1090)
FNDA:0,(anonymous_1091)
FNDA:0,(anonymous_1092)
FNDA:0,(anonymous_1093)
FNDA:1,(anonymous_1094)
FNDA:0,(anonymous_1095)
FNDA:0,creatNewSubString
FNDA:0,(anonymous_1097)
FNDA:0,(anonymous_1098)
FNDA:0,(anonymous_1099)
FNDA:0,(anonymous_1100)
FNDA:0,(anonymous_1101)
FNDA:1,(anonymous_1102)
FNDA:1,(anonymous_1103)
FNDA:0,(anonymous_1104)
FNDA:0,(anonymous_1105)
FNDA:0,(anonymous_1106)
FNDA:0,(anonymous_1107)
FNDA:1,(anonymous_1108)
FNDA:1,(anonymous_1109)
FNDA:0,(anonymous_1110)
FNDA:1,(anonymous_1111)
FNDA:0,(anonymous_1112)
FNDA:0,(anonymous_1113)
FNDA:0,(anonymous_1114)
FNDA:0,(anonymous_1115)
FNDA:0,(anonymous_1116)
FNDA:0,(anonymous_1117)
FNDA:1,(anonymous_1118)
FNDA:0,rgb2hsl
FNDA:0,rgb2hsv
FNDA:0,hsl2rgb
FNDA:0,hsl2hsv
FNDA:0,hsv2rgb
FNDA:0,hsv2hsl
FNDA:0,(anonymous_1125)
FNDA:0,(anonymous_1126)
FNDA:1,(anonymous_1127)
FNDA:1,(anonymous_1128)
FNDA:0,range
FNDA:0,(anonymous_1130)
FNDA:0,(anonymous_1131)
FNDA:0,(anonymous_1132)
FNDA:0,(anonymous_1133)
FNDA:0,(anonymous_1134)
FNDA:0,(anonymous_1135)
FNDA:0,(anonymous_1136)
FNDA:0,(anonymous_1137)
FNDA:1,(anonymous_1138)
FNDA:0,(anonymous_1139)
FNDA:0,(anonymous_1140)
FNDA:0,(anonymous_1141)
FNDA:0,pick
FNDA:0,shuffle
FNDA:0,order
FNDA:1,(anonymous_1145)
FNDA:0,(anonymous_1146)
FNDA:0,(anonymous_1147)
FNDA:0,(anonymous_1148)
FNDA:0,(anonymous_1149)
FNDA:0,(anonymous_1150)
FNDA:0,(anonymous_1151)
FNDA:1,(anonymous_1152)
FNDA:0,(anonymous_1153)
FNDA:0,(anonymous_1154)
FNDA:0,(anonymous_1155)
FNDA:0,(anonymous_1156)
FNDA:0,(anonymous_1157)
FNDA:0,(anonymous_1158)
FNDA:1,(anonymous_1159)
FNDA:0,(anonymous_1160)
FNDA:0,(anonymous_1161)
FNDA:0,(anonymous_1162)
FNDA:0,(anonymous_1163)
FNDA:0,(anonymous_1164)
FNDA:1,(anonymous_1165)
FNDA:1,tree
FNDA:1,(anonymous_1167)
FNDA:1,(anonymous_1168)
FNDA:0,(anonymous_1169)
FNDA:0,(anonymous_1170)
FNDA:0,(anonymous_1171)
FNDA:0,(anonymous_1172)
FNDA:0,(anonymous_1173)
FNDA:0,(anonymous_1174)
FNDA:0,(anonymous_1175)
FNDA:0,(anonymous_1176)
FNDA:0,(anonymous_1177)
FNDA:1,(anonymous_1178)
FNDA:0,(anonymous_1179)
FNDA:0,(anonymous_1180)
FNDA:1,(anonymous_1181)
FNDA:1,(anonymous_1182)
FNDA:0,parse
FNDA:0,Token
FNDA:0,Alternate
FNDA:0,Match
FNDA:0,Group
FNDA:0,CaptureGroup
FNDA:0,Quantified
FNDA:0,Quantifier
FNDA:0,CharSet
FNDA:0,CharacterRange
FNDA:0,Literal
FNDA:0,Unicode
FNDA:0,Hex
FNDA:0,Octal
FNDA:0,BackReference
FNDA:0,ControlCharacter
FNDA:1,(anonymous_1199)
FNDA:1,n
FNDA:1,u
FNDA:0,l
FNDA:0,e
FNDA:0,u
FNDA:0,l
FNDA:0,(anonymous_1206)
FNDA:0,(anonymous_1207)
FNDA:0,(anonymous_1208)
FNDA:0,(anonymous_1209)
FNDA:0,u
FNDA:0,u
FNDA:0,t
FNDA:0,r
FNDA:0,u
FNDA:0,e
FNDA:0,o
FNDA:0,c
FNDA:0,i
FNDA:0,a
FNDA:0,f
FNDA:0,s
FNDA:0,h
FNDA:0,d
FNDA:0,p
FNDA:0,v
FNDA:0,w
FNDA:0,A
FNDA:0,C
FNDA:0,g
FNDA:0,b
FNDA:0,k
FNDA:0,T
FNDA:0,x
FNDA:0,y
FNDA:0,m
FNDA:0,R
FNDA:0,F
FNDA:0,Q
FNDA:0,S
FNDA:0,U
FNDA:0,E
FNDA:0,G
FNDA:0,B
FNDA:0,j
FNDA:0,$
FNDA:0,q
FNDA:0,L
FNDA:0,M
FNDA:0,D
FNDA:0,H
FNDA:0,O
FNDA:0,W
FNDA:0,z
FNDA:0,I
FNDA:0,J
FNDA:0,K
FNDA:0,N
FNDA:0,P
FNDA:0,V
FNDA:0,X
FNDA:0,Y
FNDA:0,Z
FNDA:0,_
FNDA:0,nl
FNDA:0,ll
FNDA:0,ul
FNDA:0,tl
FNDA:0,(anonymous_1268)
FNDA:0,(anonymous_1269)
FNDA:0,(anonymous_1270)
FNDA:0,(anonymous_1271)
FNDA:0,(anonymous_1272)
FNDA:0,(anonymous_1273)
FNDA:0,(anonymous_1274)
FNDA:0,(anonymous_1275)
FNDA:0,(anonymous_1276)
FNDA:0,(anonymous_1277)
FNDA:0,(anonymous_1278)
FNDA:0,(anonymous_1279)
FNDA:0,(anonymous_1280)
FNDA:0,(anonymous_1281)
FNDA:0,(anonymous_1282)
FNDA:0,(anonymous_1283)
FNDA:0,(anonymous_1284)
FNDA:0,(anonymous_1285)
FNDA:0,(anonymous_1286)
FNDA:0,(anonymous_1287)
FNDA:0,(anonymous_1288)
FNDA:0,(anonymous_1289)
FNDA:0,(anonymous_1290)
FNDA:0,(anonymous_1291)
FNDA:0,(anonymous_1292)
FNDA:0,(anonymous_1293)
FNDA:0,(anonymous_1294)
FNDA:0,(anonymous_1295)
FNDA:0,(anonymous_1296)
FNDA:0,(anonymous_1297)
FNDA:0,(anonymous_1298)
FNDA:0,(anonymous_1299)
FNDA:0,(anonymous_1300)
FNDA:0,(anonymous_1301)
FNDA:0,(anonymous_1302)
FNDA:0,(anonymous_1303)
FNDA:0,(anonymous_1304)
FNDA:0,(anonymous_1305)
FNDA:0,(anonymous_1306)
FNDA:0,(anonymous_1307)
FNDA:0,(anonymous_1308)
FNDA:0,(anonymous_1309)
FNDA:1,(anonymous_1310)
FNDA:1,(anonymous_1311)
FNDA:8,ascii
FNDA:0,(anonymous_1313)
FNDA:0,(anonymous_1314)
FNDA:0,(anonymous_1315)
FNDA:0,(anonymous_1316)
FNDA:0,(anonymous_1317)
FNDA:0,(anonymous_1318)
FNDA:0,(anonymous_1319)
FNDA:0,(anonymous_1320)
FNDA:0,(anonymous_1321)
FNDA:0,(anonymous_1322)
FNDA:0,(anonymous_1323)
FNDA:0,(anonymous_1324)
FNDA:0,(anonymous_1325)
FNDA:0,(anonymous_1326)
FNDA:0,(anonymous_1327)
FNDA:0,(anonymous_1328)
FNDA:0,(anonymous_1329)
FNDA:0,(anonymous_1330)
FNDA:1,(anonymous_1331)
FNDA:0,(anonymous_1332)
FNDA:1,(anonymous_1333)
FNDA:1,(anonymous_1334)
FNDA:0,toJSONSchema
FNDA:0,(anonymous_1336)
FNDA:0,(anonymous_1337)
FNDA:1,(anonymous_1338)
FNDA:1,(anonymous_1339)
FNDA:0,valid
FNDA:0,diff
FNDA:0,(anonymous_1342)
FNDA:0,(anonymous_1343)
FNDA:0,(anonymous_1344)
FNDA:0,(anonymous_1345)
FNDA:0,(anonymous_1346)
FNDA:0,(anonymous_1347)
FNDA:0,(anonymous_1348)
FNDA:0,(anonymous_1349)
FNDA:0,(anonymous_1350)
FNDA:0,(anonymous_1351)
FNDA:0,(anonymous_1352)
FNDA:0,(anonymous_1353)
FNDA:0,(anonymous_1354)
FNDA:0,(anonymous_1355)
FNDA:0,(anonymous_1356)
FNDA:1,(anonymous_1357)
FNDA:1,(anonymous_1358)
FNDA:0,(anonymous_1359)
FNDA:1,MockXMLHttpRequest
FNDA:0,(anonymous_1361)
FNDA:1,(anonymous_1362)
FNDA:1,(anonymous_1363)
FNDA:0,handle
FNDA:3,(anonymous_1365)
FNDA:1,send
FNDA:1,done
FNDA:0,abort
FNDA:0,(anonymous_1369)
FNDA:1,(anonymous_1370)
FNDA:0,(anonymous_1371)
FNDA:0,addEventListener
FNDA:0,removeEventListener
FNDA:7,dispatchEvent
FNDA:0,createNativeXMLHttpRequest
FNDA:0,(anonymous_1376)
FNDA:0,createStandardXHR
FNDA:0,createActiveXHR
FNDA:1,find
FNDA:2,match
FNDA:1,convert
FNDA:1,(anonymous_1382)
FNDA:1,(anonymous_1383)
FNDA:1,_interopDefault
FNDA:0,throwError
FNDA:0,warn
FNDA:4,(anonymous_1387)
FNDA:4,(anonymous_1388)
FNDA:4,(anonymous_1389)
FNDA:2,(anonymous_1390)
FNDA:1,warnIfNoWindow
FNDA:0,(anonymous_1392)
FNDA:0,(anonymous_1393)
FNDA:0,(anonymous_1394)
FNDA:0,isDomSelector
FNDA:3,isVueComponent
FNDA:4,componentNeedsCompiling
FNDA:0,isRefSelector
FNDA:0,isNameSelector
FNDA:0,templateContainsComponent
FNDA:0,(anonymous_1401)
FNDA:2,isPlainObject
FNDA:3,isRequiredComponent
FNDA:0,getSelectorType
FNDA:0,getSelector
FNDA:0,getRealChild
FNDA:0,isSameChild
FNDA:0,getFirstComponentChild
FNDA:0,isPrimitive
FNDA:0,isAsyncPlaceholder
FNDA:0,hasParentTransition
FNDA:0,render
FNDA:0,(anonymous_1413)
FNDA:0,(anonymous_1414)
FNDA:0,(anonymous_1415)
FNDA:0,render
FNDA:0,WrapperArray
FNDA:0,(anonymous_1418)
FNDA:0,(anonymous_1419)
FNDA:0,(anonymous_1420)
FNDA:0,(anonymous_1421)
FNDA:0,at
FNDA:0,attributes
FNDA:0,classes
FNDA:0,contains
FNDA:0,(anonymous_1426)
FNDA:0,exists
FNDA:0,(anonymous_1428)
FNDA:0,filter
FNDA:0,visible
FNDA:0,(anonymous_1431)
FNDA:0,emitted
FNDA:0,emittedByOrder
FNDA:0,hasAttribute
FNDA:0,(anonymous_1435)
FNDA:0,hasClass
FNDA:0,(anonymous_1437)
FNDA:0,hasProp
FNDA:0,(anonymous_1439)
FNDA:0,hasStyle
FNDA:0,(anonymous_1441)
FNDA:0,findAll
FNDA:0,find
FNDA:0,html
FNDA:0,is
FNDA:0,(anonymous_1446)
FNDA:0,isEmpty
FNDA:0,(anonymous_1448)
FNDA:0,isVisible
FNDA:0,(anonymous_1450)
FNDA:0,isVueInstance
FNDA:0,(anonymous_1452)
FNDA:0,name
FNDA:0,props
FNDA:0,text
FNDA:0,throwErrorIfWrappersIsEmpty
FNDA:0,setComputed
FNDA:0,(anonymous_1458)
FNDA:0,setData
FNDA:0,(anonymous_1460)
FNDA:0,setMethods
FNDA:0,(anonymous_1462)
FNDA:0,setProps
FNDA:0,(anonymous_1464)
FNDA:0,setValue
FNDA:0,(anonymous_1466)
FNDA:0,setChecked
FNDA:0,(anonymous_1468)
FNDA:0,setSelected
FNDA:0,trigger
FNDA:0,(anonymous_1471)
FNDA:0,update
FNDA:0,destroy
FNDA:0,(anonymous_1474)
FNDA:0,ErrorWrapper
FNDA:0,at
FNDA:0,attributes
FNDA:0,classes
FNDA:0,contains
FNDA:0,emitted
FNDA:0,emittedByOrder
FNDA:0,exists
FNDA:0,filter
FNDA:0,visible
FNDA:0,hasAttribute
FNDA:0,hasClass
FNDA:0,hasProp
FNDA:0,hasStyle
FNDA:0,findAll
FNDA:0,find
FNDA:0,html
FNDA:0,is
FNDA:0,isEmpty
FNDA:0,isVisible
FNDA:0,isVueInstance
FNDA:0,name
FNDA:0,props
FNDA:0,text
FNDA:0,setComputed
FNDA:0,setData
FNDA:0,setMethods
FNDA:0,setProps
FNDA:0,setValue
FNDA:0,setChecked
FNDA:0,setSelected
FNDA:0,trigger
FNDA:0,update
FNDA:0,destroy
FNDA:0,findDOMNodes
FNDA:0,vmMatchesName
FNDA:0,vmCtorMatches
FNDA:0,(anonymous_1512)
FNDA:0,matches
FNDA:1,findAllInstances
FNDA:2,(anonymous_1515)
FNDA:0,findAllVNodes
FNDA:0,(anonymous_1517)
FNDA:0,removeDuplicateNodes
FNDA:0,(anonymous_1519)
FNDA:0,(anonymous_1520)
FNDA:0,find
FNDA:1,createWrapper
FNDA:7,orderDeps
FNDA:3,(anonymous_1524)
FNDA:0,(anonymous_1525)
FNDA:3,orderVmWatchers
FNDA:0,(anonymous_1527)
FNDA:1,orderWatchers
FNDA:0,recursivelySetData
FNDA:0,(anonymous_1530)
FNDA:1,Wrapper
FNDA:0,(anonymous_1532)
FNDA:0,(anonymous_1533)
FNDA:0,(anonymous_1534)
FNDA:0,(anonymous_1535)
FNDA:0,(anonymous_1536)
FNDA:0,(anonymous_1537)
FNDA:0,(anonymous_1538)
FNDA:0,(anonymous_1539)
FNDA:0,(anonymous_1540)
FNDA:0,(anonymous_1541)
FNDA:0,at
FNDA:0,attributes
FNDA:0,classes
FNDA:0,(anonymous_1545)
FNDA:0,(anonymous_1546)
FNDA:0,contains
FNDA:0,destroy
FNDA:0,emitted
FNDA:0,emittedByOrder
FNDA:0,exists
FNDA:0,filter
FNDA:0,find$1
FNDA:0,findAll
FNDA:0,(anonymous_1555)
FNDA:0,hasAttribute
[...]
BRDA:21247,2992,0,0
BRDA:21247,2992,1,0
BRDA:21247,2993,0,0
BRDA:21247,2993,1,0
BRDA:21254,2994,0,0
BRDA:21254,2994,1,0
BRDA:21261,2995,0,0
BRDA:21261,2995,1,0
BRDA:21269,2996,0,0
BRDA:21269,2996,1,0
BRDA:21272,2997,0,0
BRDA:21272,2997,1,0
BRDA:21287,2998,0,0
BRDA:21287,2998,1,0
BRDA:21317,2999,0,0
BRDA:21317,2999,1,0
BRDA:21317,3000,0,0
BRDA:21317,3000,1,0
BRDA:21327,3001,0,0
BRDA:21327,3001,1,0
BRDA:21331,3002,0,0
BRDA:21331,3002,1,0
BRDA:21331,3003,0,0
BRDA:21331,3003,1,0
BRDA:21337,3004,0,0
BRDA:21337,3004,1,0
BRDA:21341,3005,0,0
BRDA:21341,3005,1,0
BRDA:21341,3006,0,0
BRDA:21341,3006,1,0
BRDA:21347,3007,0,0
BRDA:21347,3007,1,0
BRDA:21350,3008,0,0
BRDA:21350,3008,1,0
BRDA:21354,3009,0,0
BRDA:21354,3009,1,0
BRDA:21369,3010,0,0
BRDA:21369,3010,1,0
BRDA:21369,3011,0,0
BRDA:21369,3011,1,0
BRDA:21370,3012,0,0
BRDA:21370,3012,1,0
BRDA:21370,3013,0,0
BRDA:21370,3013,1,0
BRDA:21375,3014,0,0
BRDA:21375,3014,1,0
BRDA:21381,3015,0,0
BRDA:21381,3015,1,0
BRDA:21410,3016,0,0
BRDA:21410,3016,1,1
BRDA:21416,3017,0,1
BRDA:21416,3017,1,0
BRDA:21416,3018,0,1
BRDA:21416,3018,1,1
BRDA:21417,3019,0,1
BRDA:21417,3019,1,0
BRDA:21421,3020,0,0
BRDA:21421,3020,1,0
BRDA:21441,3021,0,0
BRDA:21441,3021,1,0
BRDA:21447,3022,0,0
BRDA:21447,3022,1,0
BRDA:21453,3023,0,0
BRDA:21453,3023,1,0
BRDA:21473,3024,0,0
BRDA:21473,3024,1,0
BRDA:21510,3025,0,0
BRDA:21510,3025,1,0
BRDA:21510,3026,0,0
BRDA:21510,3026,1,0
BRDA:21512,3027,0,0
BRDA:21512,3027,1,0
BRDA:21531,3028,0,0
BRDA:21531,3028,1,0
BRDA:21533,3029,0,0
BRDA:21533,3029,1,0
BRDA:21553,3030,0,0
BRDA:21553,3030,1,0
BRDA:21561,3031,0,0
BRDA:21561,3031,1,0
BRDA:21565,3032,0,0
BRDA:21565,3032,1,0
BRDA:21566,3033,0,0
BRDA:21566,3033,1,0
BRDA:21567,3034,0,0
BRDA:21567,3034,1,0
BRDA:21578,3035,0,0
BRDA:21578,3035,1,0
BRDA:21632,3036,0,0
BRDA:21632,3036,1,0
BRDA:21634,3037,0,0
BRDA:21634,3037,1,0
BRDA:21635,3038,0,0
BRDA:21635,3038,1,0
BRDA:21636,3039,0,0
BRDA:21636,3039,1,0
BRDA:21653,3040,0,0
BRDA:21653,3040,1,0
BRDA:21661,3041,0,0
BRDA:21661,3041,1,0
BRDA:21664,3042,0,0
BRDA:21664,3042,1,0
BRDA:21684,3043,0,0
BRDA:21684,3043,1,0
BRDA:21684,3043,2,0
BRDA:21688,3044,0,0
BRDA:21688,3044,1,0
BRDA:21688,3045,0,0
BRDA:21688,3045,1,0
BRDA:21693,3046,0,0
BRDA:21693,3046,1,0
BRDA:21697,3047,0,0
BRDA:21697,3047,1,0
BRDA:21697,3048,0,0
BRDA:21697,3048,1,0
BRDA:21699,3049,0,0
BRDA:21699,3049,1,0
BRDA:21708,3050,0,0
BRDA:21708,3050,1,0
BRDA:21711,3051,0,0
BRDA:21711,3051,1,0
BRDA:21713,3052,0,0
BRDA:21713,3052,1,0
BRDA:21717,3053,0,0
BRDA:21717,3053,1,0
BRDA:21720,3054,0,0
BRDA:21720,3054,1,0
BRDA:21722,3055,0,0
BRDA:21722,3055,1,0
BRDA:21733,3056,0,0
BRDA:21733,3056,1,0
BRDA:21733,3057,0,0
BRDA:21733,3057,1,0
BRDA:21739,3058,0,0
BRDA:21739,3058,1,0
BRDA:21749,3059,0,0
BRDA:21749,3059,1,0
BRDA:21752,3060,0,0
BRDA:21752,3060,1,0
BRDA:21754,3061,0,0
BRDA:21754,3061,1,0
BRDA:21754,3062,0,0
BRDA:21754,3062,1,0
BRDA:21754,3062,2,0
BRDA:21768,3063,0,0
BRDA:21768,3063,1,0
BRDA:21768,3064,0,0
BRDA:21768,3064,1,0
BRDA:21769,3065,0,0
BRDA:21769,3065,1,0
BRDA:21769,3066,0,0
BRDA:21769,3066,1,0
BRDA:21771,3067,0,0
BRDA:21771,3067,1,0
BRDA:21773,3068,0,0
BRDA:21773,3068,1,0
BRDA:21773,3069,0,0
BRDA:21773,3069,1,0
BRDA:21779,3070,0,0
BRDA:21779,3070,1,0
BRDA:21791,3071,0,0
BRDA:21791,3071,1,0
BRDA:21791,3072,0,0
BRDA:21791,3072,1,0
BRDA:21791,3072,2,0
BRDA:21791,3072,3,0
BRDA:21801,3073,0,0
BRDA:21801,3073,1,0
BRDA:21803,3074,0,0
BRDA:21803,3074,1,0
BRDA:21807,3075,0,0
BRDA:21807,3075,1,0
BRDA:21817,3076,0,0
BRDA:21817,3076,1,0
BRDA:21817,3077,0,0
BRDA:21817,3077,1,0
BRDA:21817,3077,2,0
BRDA:21824,3078,0,0
BRDA:21824,3078,1,0
BRDA:21824,3079,0,0
BRDA:21824,3079,1,0
BRDA:21825,3080,0,0
BRDA:21825,3080,1,0
BRDA:21827,3081,0,0
BRDA:21827,3081,1,0
BRDA:21827,3082,0,0
BRDA:21827,3082,1,0
BRDA:21828,3083,0,0
BRDA:21828,3083,1,0
BRDA:21830,3084,0,0
BRDA:21830,3084,1,0
BRDA:21830,3085,0,0
BRDA:21830,3085,1,0
BRDA:21830,3085,2,0
BRDA:21837,3086,0,0
BRDA:21837,3086,1,0
BRDA:21837,3087,0,0
BRDA:21837,3087,1,0
BRDA:21837,3087,2,0
BRDA:21857,3088,0,0
BRDA:21857,3088,1,0
BRDA:21864,3089,0,0
BRDA:21864,3089,1,0
BRDA:21872,3090,0,0
BRDA:21872,3090,1,0
BRDA:21883,3091,0,0
BRDA:21883,3091,1,0
BRDA:21889,3092,0,0
BRDA:21889,3092,1,0
BRDA:21896,3093,0,0
BRDA:21896,3093,1,0
BRDA:21897,3094,0,0
BRDA:21897,3094,1,0
BRDA:21897,3095,0,0
BRDA:21897,3095,1,0
BRDA:21906,3096,0,0
BRDA:21906,3096,1,0
BRDA:21914,3097,0,0
BRDA:21914,3097,1,0
BRDA:21916,3098,0,0
BRDA:21916,3098,1,0
BRDA:21930,3099,0,0
BRDA:21930,3099,1,0
BRDA:21935,3100,0,0
BRDA:21935,3100,1,0
BRDA:21938,3101,0,0
BRDA:21938,3101,1,0
BRDA:21949,3102,0,0
BRDA:21949,3102,1,0
BRDA:21956,3103,0,0
BRDA:21956,3103,1,0
BRDA:21960,3104,0,0
BRDA:21960,3104,1,0
BRDA:21968,3105,0,0
BRDA:21968,3105,1,0
BRDA:21968,3106,0,0
BRDA:21968,3106,1,0
BRDA:21975,3107,0,0
BRDA:21975,3107,1,0
BRDA:21984,3108,0,0
BRDA:21984,3108,1,0
BRDA:21987,3109,0,0
BRDA:21987,3109,1,0
BRDA:21987,3110,0,0
BRDA:21987,3110,1,0
BRDA:21999,3111,0,0
BRDA:21999,3111,1,0
BRDA:22007,3112,0,0
BRDA:22007,3112,1,0
BRDA:22013,3113,0,0
BRDA:22013,3113,1,0
BRDA:22015,3114,0,0
BRDA:22015,3114,1,0
BRDA:22015,3115,0,0
BRDA:22015,3115,1,0
BRDA:22024,3116,0,0
BRDA:22024,3116,1,0
BRDA:22027,3117,0,0
BRDA:22027,3117,1,0
BRDA:22027,3118,0,0
BRDA:22027,3118,1,0
BRDA:22036,3119,0,0
BRDA:22036,3119,1,0
BRDA:22037,3120,0,0
BRDA:22037,3120,1,0
BRDA:22039,3121,0,0
BRDA:22039,3121,1,0
BRDA:22039,3122,0,0
BRDA:22039,3122,1,0
BRDA:22050,3123,0,0
BRDA:22050,3123,1,0
BRDA:22051,3124,0,0
BRDA:22051,3124,1,0
BRDA:22054,3125,0,0
BRDA:22054,3125,1,0
BRDA:22054,3126,0,0
BRDA:22054,3126,1,0
BRDA:22063,3127,0,0
BRDA:22063,3127,1,0
BRDA:22066,3128,0,0
BRDA:22066,3128,1,0
BRDA:22077,3129,0,0
BRDA:22077,3129,1,0
BRDA:22082,3130,0,0
BRDA:22082,3130,1,0
BRDA:22085,3131,0,0
BRDA:22085,3131,1,0
BRDA:22089,3132,0,0
BRDA:22089,3132,1,0
BRDA:22090,3133,0,0
BRDA:22090,3133,1,0
BRDA:22093,3134,0,0
BRDA:22093,3134,1,0
BRDA:22095,3135,0,0
BRDA:22095,3135,1,0
BRDA:22098,3136,0,0
BRDA:22098,3136,1,0
BRDA:22106,3137,0,0
BRDA:22106,3137,1,0
BRDA:22106,3138,0,0
BRDA:22106,3138,1,0
BRDA:22106,3138,2,0
BRDA:22113,3139,0,0
BRDA:22113,3139,1,0
BRDA:22120,3140,0,0
BRDA:22120,3140,1,0
BRDA:22121,3141,0,0
BRDA:22121,3141,1,0
BRDA:22125,3142,0,0
BRDA:22125,3142,1,0
BRDA:22125,3143,0,0
BRDA:22125,3143,1,0
BRDA:22133,3144,0,0
BRDA:22133,3144,1,0
BRDA:22145,3145,0,0
BRDA:22145,3145,1,0
BRDA:22145,3146,0,0
BRDA:22145,3146,1,0
BRDA:22145,3146,2,0
BRDA:22157,3147,0,0
BRDA:22157,3147,1,0
BRDA:22167,3148,0,0
BRDA:22167,3148,1,0
BRDA:22177,3149,0,0
BRDA:22177,3149,1,0
BRDA:22178,3150,0,0
BRDA:22178,3150,1,0
BRDA:22178,3150,2,0
BRDA:22178,3150,3,0
BRDA:22190,3151,0,0
BRDA:22190,3151,1,0
BRDA:22195,3152,0,0
BRDA:22195,3152,1,0
BRDA:22195,3152,2,0
BRDA:22195,3152,3,0
BRDA:22211,3153,0,0
BRDA:22211,3153,1,0
BRDA:22222,3154,0,0
BRDA:22222,3154,1,0
BRDA:22222,3155,0,0
BRDA:22222,3155,1,0
BRDA:22248,3156,0,0
BRDA:22248,3156,1,0
BRDA:22250,3157,0,0
BRDA:22250,3157,1,0
BRDA:22255,3158,0,0
BRDA:22255,3158,1,0
BRDA:22255,3159,0,0
BRDA:22255,3159,1,0
BRDA:22258,3160,0,0
BRDA:22258,3160,1,0
BRDA:22258,3161,0,0
BRDA:22258,3161,1,0
BRDA:22258,3161,2,0
BRDA:22262,3162,0,0
BRDA:22262,3162,1,0
BRDA:22264,3163,0,0
BRDA:22264,3163,1,0
BRDA:22298,3164,0,0
BRDA:22298,3164,1,0
BRDA:22300,3165,0,0
BRDA:22300,3165,1,0
BRDA:22346,3166,0,0
BRDA:22346,3166,1,0
BRDA:22346,3167,0,0
BRDA:22346,3167,1,0
BRDA:22354,3168,0,0
BRDA:22354,3168,1,0
BRDA:22358,3169,0,0
BRDA:22358,3169,1,0
BRDA:22360,3170,0,0
BRDA:22360,3170,1,0
BRDA:22360,3171,0,0
BRDA:22360,3171,1,0
BRDA:22362,3172,0,0
BRDA:22362,3172,1,0
BRDA:22362,3173,0,0
BRDA:22362,3173,1,0
BRDA:22364,3174,0,0
BRDA:22364,3174,1,0
BRDA:22364,3175,0,0
BRDA:22364,3175,1,0
BRDA:22366,3176,0,0
BRDA:22366,3176,1,0
BRDA:22388,3177,0,0
BRDA:22388,3177,1,0
BRDA:22389,3178,0,0
BRDA:22389,3178,1,0
BRDA:22390,3179,0,0
BRDA:22390,3179,1,0
BRDA:22391,3180,0,0
BRDA:22391,3180,1,0
BRDA:22395,3181,0,0
BRDA:22395,3181,1,0
BRDA:22405,3182,0,0
BRDA:22405,3182,1,0
BRDA:22419,3183,0,0
BRDA:22419,3183,1,0
BRDA:22420,3184,0,0
BRDA:22420,3184,1,0
BRDA:22421,3185,0,0
BRDA:22421,3185,1,0
BRDA:22431,3186,0,0
BRDA:22431,3186,1,0
BRDA:22435,3187,0,0
BRDA:22435,3187,1,0
BRDA:22453,3188,0,0
BRDA:22453,3188,1,0
BRDA:22454,3189,0,0
BRDA:22454,3189,1,0
BRDA:22455,3190,0,0
BRDA:22455,3190,1,0
BRDA:22455,3191,0,0
BRDA:22455,3191,1,0
BRDA:22456,3192,0,0
BRDA:22456,3192,1,0
BRDA:22464,3193,0,0
BRDA:22464,3193,1,0
BRDA:22468,3194,0,0
BRDA:22468,3194,1,0
BRDA:22469,3195,0,0
BRDA:22469,3195,1,0
BRDA:22471,3196,0,0
BRDA:22471,3196,1,0
BRDA:22476,3197,0,0
BRDA:22476,3197,1,0
BRDA:22479,3198,0,0
BRDA:22479,3198,1,0
BRDA:22484,3199,0,0
BRDA:22484,3199,1,0
BRDA:22490,3200,0,0
BRDA:22490,3200,1,0
BRDA:22490,3201,0,0
BRDA:22490,3201,1,0
BRDA:22498,3202,0,0
BRDA:22498,3202,1,0
BRDA:22506,3203,0,0
BRDA:22506,3203,1,0
BRDA:22551,3204,0,0
BRDA:22551,3204,1,0
BRDA:22552,3205,0,0
BRDA:22552,3205,1,0
BRDA:22553,3206,0,0
BRDA:22553,3206,1,0
BRDA:22563,3207,0,0
BRDA:22563,3207,1,0
BRDA:22569,3208,0,0
BRDA:22569,3208,1,0
BRDA:22573,3209,0,0
BRDA:22573,3209,1,0
BRDA:22574,3210,0,0
BRDA:22574,3210,1,0
BRDA:22574,3210,2,0
BRDA:22583,3211,0,0
BRDA:22583,3211,1,0
BRDA:22587,3212,0,0
BRDA:22587,3212,1,0
BRDA:22591,3213,0,0
BRDA:22591,3213,1,0
BRDA:22600,3214,0,0
BRDA:22600,3214,1,0
BRDA:22601,3215,0,0
BRDA:22601,3215,1,0
BRDA:22601,3216,0,0
BRDA:22601,3216,1,0
BRDA:22607,3217,0,0
BRDA:22607,3217,1,0
BRDA:22607,3218,0,0
BRDA:22607,3218,1,0
BRDA:22607,3218,2,0
BRDA:22608,3219,0,0
BRDA:22608,3219,1,0
BRDA:22616,3220,0,0
BRDA:22616,3220,1,0
BRDA:22618,3221,0,0
BRDA:22618,3221,1,0
BRDA:22621,3222,0,0
BRDA:22621,3222,1,0
BRDA:22630,3223,0,0
BRDA:22630,3223,1,0
BRDA:22633,3224,0,0
BRDA:22633,3224,1,0
BRDA:22636,3225,0,0
BRDA:22636,3225,1,0
BRDA:22636,3225,2,0
BRDA:22636,3225,3,0
BRDA:22636,3225,4,0
BRDA:22636,3225,5,0
BRDA:22636,3225,6,0
BRDA:22636,3225,7,0
BRDA:22649,3226,0,0
BRDA:22649,3226,1,0
BRDA:22652,3227,0,0
BRDA:22652,3227,1,0
BRDA:22714,3228,0,0
BRDA:22714,3228,1,0
BRDA:22725,3229,0,0
BRDA:22725,3229,1,0
BRDA:22729,3230,0,0
BRDA:22729,3230,1,0
BRDA:22736,3231,0,0
BRDA:22736,3231,1,0
BRDA:22737,3232,0,0
BRDA:22737,3232,1,0
BRDA:22737,3233,0,0
BRDA:22737,3233,1,0
BRDA:22747,3234,0,0
BRDA:22747,3234,1,0
BRDA:22750,3235,0,0
BRDA:22750,3235,1,0
BRDA:22753,3236,0,0
BRDA:22753,3236,1,0
BRDA:22765,3237,0,0
BRDA:22765,3237,1,0
BRDA:22769,3238,0,0
BRDA:22769,3238,1,0
BRDA:22772,3239,0,0
BRDA:22772,3239,1,0
BRDA:22774,3240,0,0
BRDA:22774,3240,1,0
BRDA:22788,3241,0,0
BRDA:22788,3241,1,0
BRDA:22806,3242,0,0
BRDA:22806,3242,1,0
BRDA:22806,3243,0,0
BRDA:22806,3243,1,0
BRDA:22816,3244,0,0
BRDA:22816,3244,1,0
BRDA:22816,3245,0,0
BRDA:22816,3245,1,0
BRDA:22816,3246,0,0
BRDA:22816,3246,1,0
BRDA:22816,3247,0,0
BRDA:22816,3247,1,0
BRDA:22832,3248,0,0
BRDA:22832,3248,1,0
BRDA:22836,3249,0,0
BRDA:22836,3249,1,0
BRDA:22849,3250,0,0
BRDA:22849,3250,1,0
BRDA:22857,3251,0,0
BRDA:22857,3251,1,0
BRDA:22857,3252,0,0
BRDA:22857,3252,1,0
BRDA:22859,3253,0,0
BRDA:22859,3253,1,0
BRDA:22859,3254,0,0
BRDA:22859,3254,1,0
BRDA:22861,3255,0,0
BRDA:22861,3255,1,0
BRDA:22861,3256,0,0
BRDA:22861,3256,1,0
BRDA:22863,3257,0,0
BRDA:22863,3257,1,0
BRDA:22863,3258,0,0
BRDA:22863,3258,1,0
BRDA:22865,3259,0,0
BRDA:22865,3259,1,0
BRDA:22865,3260,0,0
BRDA:22865,3260,1,0
BRDA:22866,3261,0,0
BRDA:22866,3261,1,0
BRDA:22867,3262,0,0
BRDA:22867,3262,1,0
BRDA:22872,3263,0,0
BRDA:22872,3263,1,0
BRDA:22875,3264,0,0
BRDA:22875,3264,1,0
BRDA:22877,3265,0,0
BRDA:22877,3265,1,0
BRDA:22878,3266,0,0
BRDA:22878,3266,1,0
BRDA:22878,3267,0,0
BRDA:22878,3267,1,0
BRDA:22892,3268,0,0
BRDA:22892,3268,1,0
BRDA:22898,3269,0,0
BRDA:22898,3269,1,0
BRDA:22898,3270,0,0
BRDA:22898,3270,1,0
BRDA:22900,3271,0,0
BRDA:22900,3271,1,0
BRDA:22904,3272,0,0
BRDA:22904,3272,1,0
BRDA:22910,3273,0,0
BRDA:22910,3273,1,0
BRDA:22911,3274,0,0
BRDA:22911,3274,1,0
BRDA:22938,3275,0,0
BRDA:22938,3275,1,0
BRDA:22939,3276,0,0
BRDA:22939,3276,1,0
BRDA:22943,3277,0,0
BRDA:22943,3277,1,0
BRDA:22951,3278,0,0
BRDA:22951,3278,1,0
BRDA:22953,3279,0,0
BRDA:22953,3279,1,0
BRDA:22967,3280,0,0
BRDA:22967,3280,1,0
BRDA:22968,3281,0,0
BRDA:22968,3281,1,0
BRDA:22970,3282,0,0
BRDA:22970,3282,1,0
BRDA:22970,3283,0,0
BRDA:22970,3283,1,0
BRDA:22970,3283,2,0
BRDA:22970,3283,3,0
BRDA:22970,3283,4,0
BRDA:22985,3284,0,0
BRDA:22985,3284,1,0
BRDA:22987,3285,0,0
BRDA:22987,3285,1,0
BRDA:22997,3286,0,0
BRDA:22997,3286,1,0
BRDA:23000,3287,0,0
BRDA:23000,3287,1,0
BRDA:23004,3288,0,0
BRDA:23004,3288,1,0
BRDA:23007,3289,0,0
BRDA:23007,3289,1,0
BRDA:23011,3290,0,0
BRDA:23011,3290,1,0
BRDA:23015,3291,0,0
BRDA:23015,3291,1,0
BRDA:23023,3292,0,0
BRDA:23023,3292,1,0
BRDA:23027,3293,0,0
BRDA:23027,3293,1,0
BRDA:23031,3294,0,0
BRDA:23031,3294,1,0
BRDA:23034,3295,0,0
BRDA:23034,3295,1,0
BRDA:23039,3296,0,0
BRDA:23039,3296,1,0
BRDA:23039,3297,0,0
BRDA:23039,3297,1,0
BRDA:23043,3298,0,0
BRDA:23043,3298,1,0
BRDA:23047,3299,0,0
BRDA:23047,3299,1,0
BRDA:23051,3300,0,0
BRDA:23051,3300,1,0
BRDA:23053,3301,0,0
BRDA:23053,3301,1,0
BRDA:23059,3302,0,0
BRDA:23059,3302,1,0
BRDA:23063,3303,0,0
BRDA:23063,3303,1,0
BRDA:23071,3304,0,0
BRDA:23071,3304,1,0
BRDA:23079,3305,0,0
BRDA:23079,3305,1,0
BRDA:23084,3306,0,0
BRDA:23084,3306,1,0
BRDA:23086,3307,0,0
BRDA:23086,3307,1,0
BRDA:23086,3308,0,0
BRDA:23086,3308,1,0
BRDA:23086,3309,0,0
BRDA:23086,3309,1,0
BRDA:23089,3310,0,0
BRDA:23089,3310,1,0
BRDA:23096,3311,0,0
BRDA:23096,3311,1,0
BRDA:23096,3312,0,0
BRDA:23096,3312,1,0
BRDA:23096,3312,2,0
BRDA:23101,3313,0,0
BRDA:23101,3313,1,0
BRDA:23121,3314,0,0
BRDA:23121,3314,1,0
BRDA:23121,3315,0,0
BRDA:23121,3315,1,0
BRDA:23125,3316,0,0
BRDA:23125,3316,1,0
BRDA:23126,3317,0,0
BRDA:23126,3317,1,0
BRDA:23127,3318,0,0
BRDA:23127,3318,1,0
BRDA:23128,3319,0,0
BRDA:23128,3319,1,0
BRDA:23140,3320,0,0
BRDA:23140,3320,1,0
BRDA:23141,3321,0,0
BRDA:23141,3321,1,0
BRDA:23157,3322,0,0
BRDA:23157,3322,1,0
BRDA:23160,3323,0,0
BRDA:23160,3323,1,0
BRDA:23160,3324,0,0
BRDA:23160,3324,1,0
BRDA:23160,3324,2,0
BRDA:23160,3324,3,0
BRDA:23165,3325,0,0
BRDA:23165,3325,1,0
BRDA:23167,3326,0,0
BRDA:23167,3326,1,0
BRDA:23170,3327,0,0
BRDA:23170,3327,1,0
BRDA:23171,3328,0,0
BRDA:23171,3328,1,0
BRDA:23186,3329,0,0
BRDA:23186,3329,1,0
BRDA:23189,3330,0,0
BRDA:23189,3330,1,0
BRDA:23189,3331,0,0
BRDA:23189,3331,1,0
BRDA:23189,3331,2,0
BRDA:23194,3332,0,0
BRDA:23194,3332,1,0
BRDA:23194,3333,0,0
BRDA:23194,3333,1,0
BRDA:23194,3333,2,0
BRDA:23203,3334,0,0
BRDA:23203,3334,1,0
BRDA:23203,3334,2,0
BRDA:23207,3335,0,0
BRDA:23207,3335,1,0
BRDA:23209,3336,0,0
BRDA:23209,3336,1,0
BRDA:23209,3337,0,0
BRDA:23209,3337,1,0
BRDA:23217,3338,0,0
BRDA:23217,3338,1,0
BRDA:23227,3339,0,0
BRDA:23227,3339,1,0
BRDA:23229,3340,0,0
BRDA:23229,3340,1,0
BRDA:23230,3341,0,0
BRDA:23230,3341,1,0
BRDA:23232,3342,0,0
BRDA:23232,3342,1,0
BRDA:23232,3343,0,0
BRDA:23232,3343,1,0
BRDA:23232,3343,2,0
BRDA:23235,3344,0,0
BRDA:23235,3344,1,0
BRDA:23238,3345,0,0
BRDA:23238,3345,1,0
BRDA:23239,3346,0,0
BRDA:23239,3346,1,0
BRDA:23250,3347,0,0
BRDA:23250,3347,1,0
BRDA:23251,3348,0,0
BRDA:23251,3348,1,0
BRDA:23294,3349,0,0
BRDA:23294,3349,1,0
BRDA:23301,3350,0,0
BRDA:23301,3350,1,0
BRDA:23303,3351,0,0
BRDA:23303,3351,1,0
BRDA:23305,3352,0,0
BRDA:23305,3352,1,0
BRDA:23306,3353,0,0
BRDA:23306,3353,1,0
BRDA:23308,3354,0,0
BRDA:23308,3354,1,0
BRDA:23316,3355,0,0
BRDA:23316,3355,1,0
BRDA:23321,3356,0,0
BRDA:23321,3356,1,0
BRDA:23329,3357,0,0
BRDA:23329,3357,1,0
BRDA:23329,3358,0,0
BRDA:23329,3358,1,0
BRDA:23339,3359,0,0
BRDA:23339,3359,1,0
BRDA:23351,3360,0,0
BRDA:23351,3360,1,0
BRDA:23365,3361,0,0
BRDA:23365,3361,1,0
BRDA:23400,3362,0,0
BRDA:23400,3362,1,0
BRDA:23409,3363,0,0
BRDA:23409,3363,1,0
BRDA:23422,3364,0,0
BRDA:23422,3364,1,0
BRDA:23425,3365,0,0
BRDA:23425,3365,1,0
BRDA:23434,3366,0,0
BRDA:23434,3366,1,0
BRDA:23434,3367,0,0
BRDA:23434,3367,1,0
BRDA:23441,3368,0,0
BRDA:23441,3368,1,0
BRDA:23441,3369,0,0
BRDA:23441,3369,1,0
BRDA:23459,3370,0,0
BRDA:23459,3370,1,0
BRDA:23459,3371,0,0
BRDA:23459,3371,1,0
BRDA:23459,3371,2,0
BRDA:23489,3372,0,0
BRDA:23489,3372,1,0
BRDA:23492,3373,0,0
BRDA:23492,3373,1,0
BRDA:23494,3374,0,0
BRDA:23494,3374,1,0
BRDA:23496,3375,0,0
BRDA:23496,3375,1,0
BRDA:23499,3376,0,0
BRDA:23499,3376,1,0
BRDA:23501,3377,0,0
BRDA:23501,3377,1,0
BRDA:23507,3378,0,0
BRDA:23507,3378,1,0
BRDA:23507,3379,0,0
BRDA:23507,3379,1,0
BRDA:23539,3380,0,0
BRDA:23539,3380,1,0
BRDA:23579,3381,0,0
BRDA:23579,3381,1,0
BRDA:23579,3381,2,0
BRDA:23603,3382,0,0
BRDA:23603,3382,1,0
BRDA:23613,3383,0,0
BRDA:23613,3383,1,0
BRDA:23616,3384,0,0
BRDA:23616,3384,1,0
BRDA:23619,3385,0,0
BRDA:23619,3385,1,0
BRDA:23619,3386,0,0
BRDA:23619,3386,1,0
BRDA:23648,3387,0,0
BRDA:23648,3387,1,0
BRDA:23649,3388,0,0
BRDA:23649,3388,1,0
BRDA:23649,3389,0,0
BRDA:23649,3389,1,0
BRDA:23650,3390,0,0
BRDA:23650,3390,1,0
BRDA:23659,3391,0,0
BRDA:23659,3391,1,0
BRDA:23663,3392,0,0
BRDA:23663,3392,1,0
BRDA:23663,3393,0,0
BRDA:23663,3393,1,0
BRDA:23668,3394,0,0
BRDA:23668,3394,1,0
BRDA:23670,3395,0,0
BRDA:23670,3395,1,0
BRDA:23686,3396,0,0
BRDA:23686,3396,1,0
BRDA:23686,3397,0,0
BRDA:23686,3397,1,0
BRDA:23691,3398,0,0
BRDA:23691,3398,1,0
BRDA:23691,3399,0,0
BRDA:23691,3399,1,0
BRDA:23702,3400,0,0
BRDA:23702,3400,1,0
BRDA:23702,3401,0,0
BRDA:23702,3401,1,0
BRDA:23702,3401,2,0
BRDA:23707,3402,0,0
BRDA:23707,3402,1,0
BRDA:23707,3403,0,0
BRDA:23707,3403,1,0
BRDA:23707,3404,0,0
BRDA:23707,3404,1,0
BRDA:23738,3405,0,0
BRDA:23738,3405,1,0
BRDA:23739,3406,0,0
BRDA:23739,3406,1,0
BRDA:23744,3407,0,0
BRDA:23744,3407,1,0
BRDA:23749,3408,0,0
BRDA:23749,3408,1,0
BRDA:23751,3409,0,0
BRDA:23751,3409,1,0
BRDA:23752,3410,0,0
BRDA:23752,3410,1,0
BRDA:23757,3411,0,0
BRDA:23757,3411,1,0
BRDA:23760,3412,0,0
BRDA:23760,3412,1,0
BRDA:23766,3413,0,0
BRDA:23766,3413,1,0
BRDA:23773,3414,0,0
BRDA:23773,3414,1,0
BRDA:23773,3415,0,0
BRDA:23773,3415,1,0
BRDA:23773,3415,2,0
BRDA:23773,3415,3,0
BRDA:23791,3416,0,0
BRDA:23791,3416,1,0
BRDA:23807,3417,0,0
BRDA:23807,3417,1,0
BRDA:23821,3418,0,0
BRDA:23821,3418,1,0
BRDA:23821,3419,0,0
BRDA:23821,3419,1,0
BRDA:23825,3420,0,0
BRDA:23825,3420,1,0
BRDA:23825,3420,2,0
BRDA:23825,3420,3,0
BRDA:23836,3421,0,0
BRDA:23836,3421,1,0
BRDA:23836,3421,2,0
BRDA:23846,3422,0,0
BRDA:23846,3422,1,0
BRDA:23846,3422,2,0
BRDA:23846,3422,3,0
BRDA:23869,3423,0,0
BRDA:23869,3423,1,0
BRDA:23877,3424,0,0
BRDA:23877,3424,1,0
BRDA:23877,3425,0,0
BRDA:23877,3425,1,0
BRDA:23879,3426,0,0
BRDA:23879,3426,1,0
BRDA:23879,3427,0,0
BRDA:23879,3427,1,0
BRDA:23881,3428,0,0
BRDA:23881,3428,1,0
BRDA:23881,3429,0,0
BRDA:23881,3429,1,0
BRDA:23882,3430,0,0
BRDA:23882,3430,1,0
BRDA:23884,3431,0,0
BRDA:23884,3431,1,0
BRDA:23887,3432,0,0
BRDA:23887,3432,1,0
BRDA:23887,3432,2,0
BRDA:23887,3432,3,0
BRDA:23887,3432,4,0
BRDA:23907,3433,0,0
BRDA:23907,3433,1,0
BRDA:23908,3434,0,0
BRDA:23908,3434,1,0
BRDA:23911,3435,0,0
BRDA:23911,3435,1,0
BRDA:23911,3436,0,0
BRDA:23911,3436,1,0
BRDA:23919,3437,0,0
BRDA:23919,3437,1,0
BRDA:23925,3438,0,0
BRDA:23925,3438,1,0
BRDA:23936,3439,0,0
BRDA:23936,3439,1,0
BRDA:23945,3440,0,0
BRDA:23945,3440,1,0
BRDA:23945,3441,0,0
BRDA:23945,3441,1,0
BRDA:23951,3442,0,0
BRDA:23951,3442,1,0
BRDA:23951,3443,0,0
BRDA:23951,3443,1,0
BRDA:23957,3444,0,0
BRDA:23957,3444,1,0
BRDA:23965,3445,0,0
BRDA:23965,3445,1,0
BRDA:23965,3446,0,0
BRDA:23965,3446,1,0
BRDA:23976,3447,0,0
BRDA:23976,3447,1,0
BRDA:23980,3448,0,0
BRDA:23980,3448,1,0
BRDA:23984,3449,0,0
BRDA:23984,3449,1,0
BRDA:23988,3450,0,0
BRDA:23988,3450,1,0
BRDA:23992,3451,0,0
BRDA:23992,3451,1,0
BRDA:23992,3452,0,0
BRDA:23992,3452,1,0
BRDA:23999,3453,0,0
BRDA:23999,3453,1,0
BRDA:23999,3454,0,0
BRDA:23999,3454,1,0
BRDA:23999,3454,2,0
BRDA:24011,3455,0,0
BRDA:24011,3455,1,0
BRDA:24020,3456,0,0
BRDA:24020,3456,1,0
BRDA:24023,3457,0,0
BRDA:24023,3457,1,0
BRDA:24026,3458,0,0
BRDA:24026,3458,1,0
BRDA:24026,3459,0,0
BRDA:24026,3459,1,0
BRDA:24029,3460,0,0
BRDA:24029,3460,1,0
BRDA:24041,3461,0,0
BRDA:24041,3461,1,0
BRDA:24043,3462,0,0
BRDA:24043,3462,1,0
BRDA:24045,3463,0,0
BRDA:24045,3463,1,0
BRDA:24057,3464,0,0
BRDA:24057,3464,1,0
BRDA:24065,3465,0,0
BRDA:24065,3465,1,0
BRDA:24067,3466,0,0
BRDA:24067,3466,1,0
BRDA:24070,3467,0,0
BRDA:24070,3467,1,0
BRF:7373
BRH:1351
end_of_record
